[0.204s] Invoking command in '/home/gusti/PenugasanPX4/MagangBayu24-PX4Simulation/build/control_drone': CMAKE_PREFIX_PATH=/home/gusti/PenugasanPX4/MagangBayu24-PX4Simulation/install/px4_msgs:/home/gusti/PenugasanPX4/MagangBayu24-PX4Simulation/install/control_drone:/opt/ros/foxy /usr/local/bin/cmake --build /home/gusti/PenugasanPX4/MagangBayu24-PX4Simulation/build/control_drone -- -j8 -l8
[0.230s] [ 50%] [32mBuilding CXX object CMakeFiles/rectangle_shape.dir/src/tugas2/offboard_control.cpp.o[0m
[4.141s] [100%] [32m[1mLinking CXX executable rectangle_shape[0m
[4.340s] [100%] Built target rectangle_shape
[4.343s] Invoked command in '/home/gusti/PenugasanPX4/MagangBayu24-PX4Simulation/build/control_drone' returned '0': CMAKE_PREFIX_PATH=/home/gusti/PenugasanPX4/MagangBayu24-PX4Simulation/install/px4_msgs:/home/gusti/PenugasanPX4/MagangBayu24-PX4Simulation/install/control_drone:/opt/ros/foxy /usr/local/bin/cmake --build /home/gusti/PenugasanPX4/MagangBayu24-PX4Simulation/build/control_drone -- -j8 -l8
[4.363s] Invoking command in '/home/gusti/PenugasanPX4/MagangBayu24-PX4Simulation/build/control_drone': CMAKE_PREFIX_PATH=/home/gusti/PenugasanPX4/MagangBayu24-PX4Simulation/install/px4_msgs:/home/gusti/PenugasanPX4/MagangBayu24-PX4Simulation/install/control_drone:/opt/ros/foxy /usr/local/bin/cmake --install /home/gusti/PenugasanPX4/MagangBayu24-PX4Simulation/build/control_drone
[4.367s] -- Install configuration: ""
[4.367s] -- Installing: /home/gusti/PenugasanPX4/MagangBayu24-PX4Simulation/install/control_drone/lib/control_drone/rectangle_shape
[4.368s] -- Set non-toolchain portion of runtime path of "/home/gusti/PenugasanPX4/MagangBayu24-PX4Simulation/install/control_drone/lib/control_drone/rectangle_shape" to ""
[4.368s] -- Up-to-date: /home/gusti/PenugasanPX4/MagangBayu24-PX4Simulation/install/control_drone/share/ament_index/resource_index/package_run_dependencies/control_drone
[4.369s] -- Up-to-date: /home/gusti/PenugasanPX4/MagangBayu24-PX4Simulation/install/control_drone/share/ament_index/resource_index/parent_prefix_path/control_drone
[4.369s] -- Up-to-date: /home/gusti/PenugasanPX4/MagangBayu24-PX4Simulation/install/control_drone/share/control_drone/environment/ament_prefix_path.sh
[4.369s] -- Up-to-date: /home/gusti/PenugasanPX4/MagangBayu24-PX4Simulation/install/control_drone/share/control_drone/environment/ament_prefix_path.dsv
[4.369s] -- Up-to-date: /home/gusti/PenugasanPX4/MagangBayu24-PX4Simulation/install/control_drone/share/control_drone/environment/path.sh
[4.369s] -- Up-to-date: /home/gusti/PenugasanPX4/MagangBayu24-PX4Simulation/install/control_drone/share/control_drone/environment/path.dsv
[4.369s] -- Up-to-date: /home/gusti/PenugasanPX4/MagangBayu24-PX4Simulation/install/control_drone/share/control_drone/local_setup.bash
[4.369s] -- Up-to-date: /home/gusti/PenugasanPX4/MagangBayu24-PX4Simulation/install/control_drone/share/control_drone/local_setup.sh
[4.369s] -- Up-to-date: /home/gusti/PenugasanPX4/MagangBayu24-PX4Simulation/install/control_drone/share/control_drone/local_setup.zsh
[4.369s] -- Up-to-date: /home/gusti/PenugasanPX4/MagangBayu24-PX4Simulation/install/control_drone/share/control_drone/local_setup.dsv
[4.369s] -- Installing: /home/gusti/PenugasanPX4/MagangBayu24-PX4Simulation/install/control_drone/share/control_drone/package.dsv
[4.370s] -- Up-to-date: /home/gusti/PenugasanPX4/MagangBayu24-PX4Simulation/install/control_drone/share/ament_index/resource_index/packages/control_drone
[4.370s] -- Up-to-date: /home/gusti/PenugasanPX4/MagangBayu24-PX4Simulation/install/control_drone/share/control_drone/cmake/control_droneConfig.cmake
[4.370s] -- Up-to-date: /home/gusti/PenugasanPX4/MagangBayu24-PX4Simulation/install/control_drone/share/control_drone/cmake/control_droneConfig-version.cmake
[4.370s] -- Up-to-date: /home/gusti/PenugasanPX4/MagangBayu24-PX4Simulation/install/control_drone/share/control_drone/package.xml
[4.371s] Invoked command in '/home/gusti/PenugasanPX4/MagangBayu24-PX4Simulation/build/control_drone' returned '0': CMAKE_PREFIX_PATH=/home/gusti/PenugasanPX4/MagangBayu24-PX4Simulation/install/px4_msgs:/home/gusti/PenugasanPX4/MagangBayu24-PX4Simulation/install/control_drone:/opt/ros/foxy /usr/local/bin/cmake --install /home/gusti/PenugasanPX4/MagangBayu24-PX4Simulation/build/control_drone
