[2.948s] DEBUG:colcon:Command line arguments: ['/usr/bin/colcon', 'build', '--packages-select', 'control_drone']
[2.948s] DEBUG:colcon:Parsed command line arguments: Namespace(allow_overriding=[], ament_cmake_args=None, base_paths=['.'], build_base='build', catkin_cmake_args=None, catkin_skip_building_tests=False, cmake_args=None, cmake_clean_cache=False, cmake_clean_first=False, cmake_force_configure=False, cmake_target=None, cmake_target_skip_unavailable=False, continue_on_error=False, event_handlers=None, executor='parallel', ignore_user_meta=False, install_base='install', log_base=None, log_level=None, main=<bound method BuildVerb.main of <colcon_core.verb.build.BuildVerb object at 0x7f12ccd34970>>, merge_install=False, metas=['./colcon.meta'], packages_above=None, packages_above_and_dependencies=None, packages_above_depth=None, packages_end=None, packages_ignore=None, packages_ignore_regex=None, packages_select=['control_drone'], packages_select_build_failed=False, packages_select_by_dep=None, packages_select_regex=None, packages_select_test_failures=False, packages_skip=None, packages_skip_build_finished=False, packages_skip_by_dep=None, packages_skip_regex=None, packages_skip_test_passed=False, packages_skip_up_to=None, packages_start=None, packages_up_to=None, packages_up_to_regex=None, parallel_workers=8, paths=None, symlink_install=False, test_result_base=None, verb_extension=<colcon_core.verb.build.BuildVerb object at 0x7f12ccd34970>, verb_name='build', verb_parser=<colcon_defaults.argument_parser.defaults.DefaultArgumentsDecorator object at 0x7f12cc9ab760>)
[3.095s] Level 1:colcon.colcon_core.package_discovery:discover_packages(colcon_meta) check parameters
[3.095s] Level 1:colcon.colcon_core.package_discovery:discover_packages(recursive) check parameters
[3.095s] Level 1:colcon.colcon_core.package_discovery:discover_packages(ignore) check parameters
[3.095s] Level 1:colcon.colcon_core.package_discovery:discover_packages(path) check parameters
[3.095s] Level 1:colcon.colcon_core.package_discovery:discover_packages(colcon_meta) discover
[3.095s] Level 1:colcon.colcon_core.package_discovery:discover_packages(recursive) discover
[3.095s] INFO:colcon.colcon_core.package_discovery:Crawling recursively for packages in '/home/gusti/PenugasanPX4/MagangBayu24-PX4Simulation'
[3.095s] Level 1:colcon.colcon_core.package_identification:_identify(.) by extensions ['ignore', 'ignore_ament_install']
[3.095s] Level 1:colcon.colcon_core.package_identification:_identify(.) by extension 'ignore'
[3.095s] Level 1:colcon.colcon_core.package_identification:_identify(.) by extension 'ignore_ament_install'
[3.095s] Level 1:colcon.colcon_core.package_identification:_identify(.) by extensions ['colcon_pkg']
[3.095s] Level 1:colcon.colcon_core.package_identification:_identify(.) by extension 'colcon_pkg'
[3.096s] Level 1:colcon.colcon_core.package_identification:_identify(.) by extensions ['colcon_meta']
[3.096s] Level 1:colcon.colcon_core.package_identification:_identify(.) by extension 'colcon_meta'
[3.096s] Level 1:colcon.colcon_core.package_identification:_identify(.) by extensions ['ros']
[3.096s] Level 1:colcon.colcon_core.package_identification:_identify(.) by extension 'ros'
[3.109s] Level 1:colcon.colcon_core.package_identification:_identify(.) by extensions ['cmake', 'python']
[3.109s] Level 1:colcon.colcon_core.package_identification:_identify(.) by extension 'cmake'
[3.109s] Level 1:colcon.colcon_core.package_identification:_identify(.) by extension 'python'
[3.109s] Level 1:colcon.colcon_core.package_identification:_identify(.) by extensions ['python_setup_py']
[3.109s] Level 1:colcon.colcon_core.package_identification:_identify(.) by extension 'python_setup_py'
[3.109s] Level 1:colcon.colcon_core.package_identification:_identify(build) by extensions ['ignore', 'ignore_ament_install']
[3.110s] Level 1:colcon.colcon_core.package_identification:_identify(build) by extension 'ignore'
[3.110s] Level 1:colcon.colcon_core.package_identification:_identify(build) ignored
[3.110s] Level 1:colcon.colcon_core.package_identification:_identify(control_drone) by extensions ['ignore', 'ignore_ament_install']
[3.110s] Level 1:colcon.colcon_core.package_identification:_identify(control_drone) by extension 'ignore'
[3.110s] Level 1:colcon.colcon_core.package_identification:_identify(control_drone) by extension 'ignore_ament_install'
[3.110s] Level 1:colcon.colcon_core.package_identification:_identify(control_drone) by extensions ['colcon_pkg']
[3.110s] Level 1:colcon.colcon_core.package_identification:_identify(control_drone) by extension 'colcon_pkg'
[3.110s] Level 1:colcon.colcon_core.package_identification:_identify(control_drone) by extensions ['colcon_meta']
[3.110s] Level 1:colcon.colcon_core.package_identification:_identify(control_drone) by extension 'colcon_meta'
[3.110s] Level 1:colcon.colcon_core.package_identification:_identify(control_drone) by extensions ['ros']
[3.110s] Level 1:colcon.colcon_core.package_identification:_identify(control_drone) by extension 'ros'
[3.113s] DEBUG:colcon.colcon_core.package_identification:Package 'control_drone' with type 'ros.ament_cmake' and name 'control_drone'
[3.114s] Level 1:colcon.colcon_core.package_identification:_identify(install) by extensions ['ignore', 'ignore_ament_install']
[3.114s] Level 1:colcon.colcon_core.package_identification:_identify(install) by extension 'ignore'
[3.114s] Level 1:colcon.colcon_core.package_identification:_identify(install) ignored
[3.114s] Level 1:colcon.colcon_core.package_identification:_identify(log) by extensions ['ignore', 'ignore_ament_install']
[3.114s] Level 1:colcon.colcon_core.package_identification:_identify(log) by extension 'ignore'
[3.114s] Level 1:colcon.colcon_core.package_identification:_identify(log) ignored
[3.114s] Level 1:colcon.colcon_core.package_identification:_identify(px4_msgs) by extensions ['ignore', 'ignore_ament_install']
[3.114s] Level 1:colcon.colcon_core.package_identification:_identify(px4_msgs) by extension 'ignore'
[3.114s] Level 1:colcon.colcon_core.package_identification:_identify(px4_msgs) by extension 'ignore_ament_install'
[3.114s] Level 1:colcon.colcon_core.package_identification:_identify(px4_msgs) by extensions ['colcon_pkg']
[3.114s] Level 1:colcon.colcon_core.package_identification:_identify(px4_msgs) by extension 'colcon_pkg'
[3.114s] Level 1:colcon.colcon_core.package_identification:_identify(px4_msgs) by extensions ['colcon_meta']
[3.114s] Level 1:colcon.colcon_core.package_identification:_identify(px4_msgs) by extension 'colcon_meta'
[3.115s] Level 1:colcon.colcon_core.package_identification:_identify(px4_msgs) by extensions ['ros']
[3.115s] Level 1:colcon.colcon_core.package_identification:_identify(px4_msgs) by extension 'ros'
[3.115s] DEBUG:colcon.colcon_core.package_identification:Package 'px4_msgs' with type 'ros.ament_cmake' and name 'px4_msgs'
[3.116s] Level 1:colcon.colcon_core.package_identification:_identify(px4_ros_com) by extensions ['ignore', 'ignore_ament_install']
[3.116s] Level 1:colcon.colcon_core.package_identification:_identify(px4_ros_com) by extension 'ignore'
[3.116s] Level 1:colcon.colcon_core.package_identification:_identify(px4_ros_com) by extension 'ignore_ament_install'
[3.117s] Level 1:colcon.colcon_core.package_identification:_identify(px4_ros_com) by extensions ['colcon_pkg']
[3.117s] Level 1:colcon.colcon_core.package_identification:_identify(px4_ros_com) by extension 'colcon_pkg'
[3.117s] Level 1:colcon.colcon_core.package_identification:_identify(px4_ros_com) by extensions ['colcon_meta']
[3.117s] Level 1:colcon.colcon_core.package_identification:_identify(px4_ros_com) by extension 'colcon_meta'
[3.117s] Level 1:colcon.colcon_core.package_identification:_identify(px4_ros_com) by extensions ['ros']
[3.117s] Level 1:colcon.colcon_core.package_identification:_identify(px4_ros_com) by extension 'ros'
[3.118s] DEBUG:colcon.colcon_core.package_identification:Package 'px4_ros_com' with type 'ros.ament_cmake' and name 'px4_ros_com'
[3.118s] Level 1:colcon.colcon_core.package_discovery:discover_packages(recursive) using defaults
[3.118s] Level 1:colcon.colcon_core.package_discovery:discover_packages(ignore) discover
[3.118s] Level 1:colcon.colcon_core.package_discovery:discover_packages(ignore) using defaults
[3.118s] Level 1:colcon.colcon_core.package_discovery:discover_packages(path) discover
[3.118s] Level 1:colcon.colcon_core.package_discovery:discover_packages(path) using defaults
[3.291s] INFO:colcon.colcon_core.package_selection:Skipping not selected package 'px4_msgs' in 'px4_msgs'
[3.291s] INFO:colcon.colcon_core.package_selection:Skipping not selected package 'px4_ros_com' in 'px4_ros_com'
[3.398s] Level 1:colcon.colcon_core.package_discovery:discover_packages(prefix_path) check parameters
[3.398s] Level 1:colcon.colcon_core.package_discovery:discover_packages(prefix_path) discover
[3.502s] DEBUG:colcon.colcon_installed_package_information.package_discovery:Found 2 installed packages in /home/gusti/PenugasanPX4/MagangBayu24-PX4Simulation/install
[3.559s] DEBUG:colcon.colcon_installed_package_information.package_discovery:Found 256 installed packages in /opt/ros/foxy
[3.561s] Level 1:colcon.colcon_core.package_discovery:discover_packages(prefix_path) using defaults
[3.769s] Level 5:colcon.colcon_core.verb:set package 'control_drone' build argument 'cmake_args' from command line to 'None'
[3.769s] Level 5:colcon.colcon_core.verb:set package 'control_drone' build argument 'cmake_target' from command line to 'None'
[3.769s] Level 5:colcon.colcon_core.verb:set package 'control_drone' build argument 'cmake_target_skip_unavailable' from command line to 'False'
[3.769s] Level 5:colcon.colcon_core.verb:set package 'control_drone' build argument 'cmake_clean_cache' from command line to 'False'
[3.769s] Level 5:colcon.colcon_core.verb:set package 'control_drone' build argument 'cmake_clean_first' from command line to 'False'
[3.769s] Level 5:colcon.colcon_core.verb:set package 'control_drone' build argument 'cmake_force_configure' from command line to 'False'
[3.769s] Level 5:colcon.colcon_core.verb:set package 'control_drone' build argument 'ament_cmake_args' from command line to 'None'
[3.769s] Level 5:colcon.colcon_core.verb:set package 'control_drone' build argument 'catkin_cmake_args' from command line to 'None'
[3.769s] Level 5:colcon.colcon_core.verb:set package 'control_drone' build argument 'catkin_skip_building_tests' from command line to 'False'
[3.770s] DEBUG:colcon.colcon_core.verb:Building package 'control_drone' with the following arguments: {'ament_cmake_args': None, 'build_base': '/home/gusti/PenugasanPX4/MagangBayu24-PX4Simulation/build/control_drone', 'catkin_cmake_args': None, 'catkin_skip_building_tests': False, 'cmake_args': None, 'cmake_clean_cache': False, 'cmake_clean_first': False, 'cmake_force_configure': False, 'cmake_target': None, 'cmake_target_skip_unavailable': False, 'install_base': '/home/gusti/PenugasanPX4/MagangBayu24-PX4Simulation/install/control_drone', 'merge_install': False, 'path': '/home/gusti/PenugasanPX4/MagangBayu24-PX4Simulation/control_drone', 'symlink_install': False, 'test_result_base': None}
[3.819s] INFO:colcon.colcon_core.executor:Executing jobs using 'parallel' executor
[3.869s] DEBUG:colcon.colcon_parallel_executor.executor.parallel:run_until_complete
[3.870s] INFO:colcon.colcon_ros.task.ament_cmake.build:Building ROS package in '/home/gusti/PenugasanPX4/MagangBayu24-PX4Simulation/control_drone' with build type 'ament_cmake'
[3.870s] INFO:colcon.colcon_cmake.task.cmake.build:Building CMake package in '/home/gusti/PenugasanPX4/MagangBayu24-PX4Simulation/control_drone'
[3.925s] INFO:colcon.colcon_core.plugin_system:Skipping extension 'colcon_core.shell.bat': Not used on non-Windows systems
[3.926s] INFO:colcon.colcon_core.shell:Skip shell extension 'powershell' for command environment: Not usable outside of PowerShell
[3.926s] DEBUG:colcon.colcon_core.shell:Skip shell extension 'dsv' for command environment
[4.098s] DEBUG:colcon.colcon_core.event_handler.log_command:Invoking command in '/home/gusti/PenugasanPX4/MagangBayu24-PX4Simulation/build/control_drone': CMAKE_PREFIX_PATH=/home/gusti/PenugasanPX4/MagangBayu24-PX4Simulation/install/px4_msgs:/home/gusti/PenugasanPX4/MagangBayu24-PX4Simulation/install/control_drone:/opt/ros/foxy /usr/local/bin/cmake --build /home/gusti/PenugasanPX4/MagangBayu24-PX4Simulation/build/control_drone -- -j8 -l8
[8.884s] DEBUG:colcon.colcon_core.event_handler.log_command:Invoked command in '/home/gusti/PenugasanPX4/MagangBayu24-PX4Simulation/build/control_drone' returned '0': CMAKE_PREFIX_PATH=/home/gusti/PenugasanPX4/MagangBayu24-PX4Simulation/install/px4_msgs:/home/gusti/PenugasanPX4/MagangBayu24-PX4Simulation/install/control_drone:/opt/ros/foxy /usr/local/bin/cmake --build /home/gusti/PenugasanPX4/MagangBayu24-PX4Simulation/build/control_drone -- -j8 -l8
[8.906s] DEBUG:colcon.colcon_core.event_handler.log_command:Invoking command in '/home/gusti/PenugasanPX4/MagangBayu24-PX4Simulation/build/control_drone': CMAKE_PREFIX_PATH=/home/gusti/PenugasanPX4/MagangBayu24-PX4Simulation/install/px4_msgs:/home/gusti/PenugasanPX4/MagangBayu24-PX4Simulation/install/control_drone:/opt/ros/foxy /usr/local/bin/cmake --install /home/gusti/PenugasanPX4/MagangBayu24-PX4Simulation/build/control_drone
[8.912s] Level 1:colcon.colcon_core.environment:create_environment_scripts_only(control_drone)
[8.913s] DEBUG:colcon.colcon_core.event_handler.log_command:Invoked command in '/home/gusti/PenugasanPX4/MagangBayu24-PX4Simulation/build/control_drone' returned '0': CMAKE_PREFIX_PATH=/home/gusti/PenugasanPX4/MagangBayu24-PX4Simulation/install/px4_msgs:/home/gusti/PenugasanPX4/MagangBayu24-PX4Simulation/install/control_drone:/opt/ros/foxy /usr/local/bin/cmake --install /home/gusti/PenugasanPX4/MagangBayu24-PX4Simulation/build/control_drone
[8.971s] Level 1:colcon.colcon_core.environment:checking '/home/gusti/PenugasanPX4/MagangBayu24-PX4Simulation/install/control_drone' for CMake module files
[8.971s] Level 1:colcon.colcon_core.environment:checking '/home/gusti/PenugasanPX4/MagangBayu24-PX4Simulation/install/control_drone' for CMake config files
[8.972s] Level 1:colcon.colcon_core.shell:create_environment_hook('control_drone', 'cmake_prefix_path')
[9.023s] INFO:colcon.colcon_core.shell:Creating environment hook '/home/gusti/PenugasanPX4/MagangBayu24-PX4Simulation/install/control_drone/share/control_drone/hook/cmake_prefix_path.ps1'
[9.024s] INFO:colcon.colcon_core.shell:Creating environment descriptor '/home/gusti/PenugasanPX4/MagangBayu24-PX4Simulation/install/control_drone/share/control_drone/hook/cmake_prefix_path.dsv'
[9.024s] INFO:colcon.colcon_core.shell:Creating environment hook '/home/gusti/PenugasanPX4/MagangBayu24-PX4Simulation/install/control_drone/share/control_drone/hook/cmake_prefix_path.sh'
[9.025s] Level 1:colcon.colcon_core.environment:checking '/home/gusti/PenugasanPX4/MagangBayu24-PX4Simulation/install/control_drone/lib'
[9.026s] Level 1:colcon.colcon_core.environment:checking '/home/gusti/PenugasanPX4/MagangBayu24-PX4Simulation/install/control_drone/bin'
[9.026s] Level 1:colcon.colcon_core.environment:checking '/home/gusti/PenugasanPX4/MagangBayu24-PX4Simulation/install/control_drone/lib/pkgconfig/control_drone.pc'
[9.026s] Level 1:colcon.colcon_core.environment:checking '/home/gusti/PenugasanPX4/MagangBayu24-PX4Simulation/install/control_drone/lib/python3.8/site-packages'
[9.026s] Level 1:colcon.colcon_core.environment:checking '/home/gusti/PenugasanPX4/MagangBayu24-PX4Simulation/install/control_drone/bin'
[9.079s] INFO:colcon.colcon_core.shell:Creating package script '/home/gusti/PenugasanPX4/MagangBayu24-PX4Simulation/install/control_drone/share/control_drone/package.ps1'
[9.080s] INFO:colcon.colcon_core.shell:Creating package descriptor '/home/gusti/PenugasanPX4/MagangBayu24-PX4Simulation/install/control_drone/share/control_drone/package.dsv'
[9.080s] INFO:colcon.colcon_core.shell:Creating package script '/home/gusti/PenugasanPX4/MagangBayu24-PX4Simulation/install/control_drone/share/control_drone/package.sh'
[9.081s] INFO:colcon.colcon_core.shell:Creating package script '/home/gusti/PenugasanPX4/MagangBayu24-PX4Simulation/install/control_drone/share/control_drone/package.bash'
[9.082s] INFO:colcon.colcon_core.shell:Creating package script '/home/gusti/PenugasanPX4/MagangBayu24-PX4Simulation/install/control_drone/share/control_drone/package.zsh'
[9.083s] Level 1:colcon.colcon_core.environment:create_file_with_runtime_dependencies(/home/gusti/PenugasanPX4/MagangBayu24-PX4Simulation/install/control_drone/share/colcon-core/packages/control_drone)
[9.152s] Level 1:colcon.colcon_core.environment:create_environment_scripts_only(control_drone)
[9.205s] Level 1:colcon.colcon_core.environment:checking '/home/gusti/PenugasanPX4/MagangBayu24-PX4Simulation/install/control_drone' for CMake module files
[9.206s] Level 1:colcon.colcon_core.environment:checking '/home/gusti/PenugasanPX4/MagangBayu24-PX4Simulation/install/control_drone' for CMake config files
[9.206s] Level 1:colcon.colcon_core.shell:create_environment_hook('control_drone', 'cmake_prefix_path')
[9.259s] INFO:colcon.colcon_core.shell:Creating environment hook '/home/gusti/PenugasanPX4/MagangBayu24-PX4Simulation/install/control_drone/share/control_drone/hook/cmake_prefix_path.ps1'
[9.260s] INFO:colcon.colcon_core.shell:Creating environment descriptor '/home/gusti/PenugasanPX4/MagangBayu24-PX4Simulation/install/control_drone/share/control_drone/hook/cmake_prefix_path.dsv'
[9.260s] INFO:colcon.colcon_core.shell:Creating environment hook '/home/gusti/PenugasanPX4/MagangBayu24-PX4Simulation/install/control_drone/share/control_drone/hook/cmake_prefix_path.sh'
[9.260s] Level 1:colcon.colcon_core.environment:checking '/home/gusti/PenugasanPX4/MagangBayu24-PX4Simulation/install/control_drone/lib'
[9.260s] Level 1:colcon.colcon_core.environment:checking '/home/gusti/PenugasanPX4/MagangBayu24-PX4Simulation/install/control_drone/bin'
[9.261s] Level 1:colcon.colcon_core.environment:checking '/home/gusti/PenugasanPX4/MagangBayu24-PX4Simulation/install/control_drone/lib/pkgconfig/control_drone.pc'
[9.261s] Level 1:colcon.colcon_core.environment:checking '/home/gusti/PenugasanPX4/MagangBayu24-PX4Simulation/install/control_drone/lib/python3.8/site-packages'
[9.261s] Level 1:colcon.colcon_core.environment:checking '/home/gusti/PenugasanPX4/MagangBayu24-PX4Simulation/install/control_drone/bin'
[9.316s] INFO:colcon.colcon_core.shell:Creating package script '/home/gusti/PenugasanPX4/MagangBayu24-PX4Simulation/install/control_drone/share/control_drone/package.ps1'
[9.317s] INFO:colcon.colcon_core.shell:Creating package descriptor '/home/gusti/PenugasanPX4/MagangBayu24-PX4Simulation/install/control_drone/share/control_drone/package.dsv'
[9.318s] INFO:colcon.colcon_core.shell:Creating package script '/home/gusti/PenugasanPX4/MagangBayu24-PX4Simulation/install/control_drone/share/control_drone/package.sh'
[9.318s] INFO:colcon.colcon_core.shell:Creating package script '/home/gusti/PenugasanPX4/MagangBayu24-PX4Simulation/install/control_drone/share/control_drone/package.bash'
[9.319s] INFO:colcon.colcon_core.shell:Creating package script '/home/gusti/PenugasanPX4/MagangBayu24-PX4Simulation/install/control_drone/share/control_drone/package.zsh'
[9.319s] Level 1:colcon.colcon_core.environment:create_file_with_runtime_dependencies(/home/gusti/PenugasanPX4/MagangBayu24-PX4Simulation/install/control_drone/share/colcon-core/packages/control_drone)
[9.320s] DEBUG:colcon.colcon_parallel_executor.executor.parallel:closing loop
[9.320s] DEBUG:colcon.colcon_parallel_executor.executor.parallel:loop closed
[9.320s] DEBUG:colcon.colcon_parallel_executor.executor.parallel:run_until_complete finished with '0'
[9.320s] DEBUG:colcon.colcon_core.event_reactor:joining thread
[9.385s] INFO:colcon.colcon_core.plugin_system:Skipping extension 'colcon_notification.desktop_notification.terminal_notifier': Not used on non-Darwin systems
[9.385s] INFO:colcon.colcon_core.plugin_system:Skipping extension 'colcon_notification.desktop_notification.win32': Not used on non-Windows systems
[9.385s] INFO:colcon.colcon_notification.desktop_notification:Sending desktop notification using 'notify2'
[9.402s] DEBUG:colcon.colcon_core.event_reactor:joined thread
[9.459s] INFO:colcon.colcon_core.shell:Creating prefix script '/home/gusti/PenugasanPX4/MagangBayu24-PX4Simulation/install/local_setup.ps1'
[9.461s] INFO:colcon.colcon_core.shell:Creating prefix util module '/home/gusti/PenugasanPX4/MagangBayu24-PX4Simulation/install/_local_setup_util_ps1.py'
[9.462s] INFO:colcon.colcon_core.shell:Creating prefix chain script '/home/gusti/PenugasanPX4/MagangBayu24-PX4Simulation/install/setup.ps1'
[9.518s] INFO:colcon.colcon_core.shell:Creating prefix script '/home/gusti/PenugasanPX4/MagangBayu24-PX4Simulation/install/local_setup.sh'
[9.519s] INFO:colcon.colcon_core.shell:Creating prefix util module '/home/gusti/PenugasanPX4/MagangBayu24-PX4Simulation/install/_local_setup_util_sh.py'
[9.519s] INFO:colcon.colcon_core.shell:Creating prefix chain script '/home/gusti/PenugasanPX4/MagangBayu24-PX4Simulation/install/setup.sh'
[9.577s] INFO:colcon.colcon_core.shell:Creating prefix script '/home/gusti/PenugasanPX4/MagangBayu24-PX4Simulation/install/local_setup.bash'
[9.578s] INFO:colcon.colcon_core.shell:Creating prefix chain script '/home/gusti/PenugasanPX4/MagangBayu24-PX4Simulation/install/setup.bash'
[9.635s] INFO:colcon.colcon_core.shell:Creating prefix script '/home/gusti/PenugasanPX4/MagangBayu24-PX4Simulation/install/local_setup.zsh'
[9.636s] INFO:colcon.colcon_core.shell:Creating prefix chain script '/home/gusti/PenugasanPX4/MagangBayu24-PX4Simulation/install/setup.zsh'
