[0.198s] Invoking command in '/home/gusti/PenugasanPX4/MagangBayu24-PX4Simulation/build/control_drone': AMENT_PREFIX_PATH=/home/gusti/PenugasanPX4/MagangBayu24-PX4Simulation/install/px4_msgs:${AMENT_PREFIX_PATH} CMAKE_PREFIX_PATH=/home/gusti/PenugasanPX4/MagangBayu24-PX4Simulation/install/px4_msgs:/home/gusti/simulasiROS2/src/install/px4_ros_com:/home/gusti/simulasiROS2/src/install/px4_msgs:/opt/ros/foxy LD_LIBRARY_PATH=/home/gusti/PenugasanPX4/MagangBayu24-PX4Simulation/install/px4_msgs/lib:${LD_LIBRARY_PATH} PYTHONPATH=/home/gusti/PenugasanPX4/MagangBayu24-PX4Simulation/install/px4_msgs/lib/python3.8/site-packages:${PYTHONPATH} /usr/local/bin/cmake --build /home/gusti/PenugasanPX4/MagangBayu24-PX4Simulation/build/control_drone -- -j8 -l8
[0.214s] -- Found ament_cmake: 0.9.12 (/opt/ros/foxy/share/ament_cmake/cmake)
[0.216s] [33mCMake Warning (dev) at /opt/ros/foxy/share/ament_cmake_core/cmake/core/python.cmake:22 (find_package):
[0.216s]   Policy CMP0148 is not set: The FindPythonInterp and FindPythonLibs modules
[0.216s]   are removed.  Run "cmake --help-policy CMP0148" for policy details.  Use
[0.216s]   the cmake_policy command to set the policy and suppress this warning.
[0.216s] 
[0.216s] Call Stack (most recent call first):
[0.216s]   /opt/ros/foxy/share/ament_cmake_core/cmake/core/all.cmake:53 (include)
[0.216s]   /opt/ros/foxy/share/ament_cmake_core/cmake/ament_cmake_core-extras.cmake:17 (include)
[0.216s]   /opt/ros/foxy/share/ament_cmake_core/cmake/ament_cmake_coreConfig.cmake:41 (include)
[0.216s]   /opt/ros/foxy/share/ament_cmake/cmake/ament_cmake_export_dependencies-extras.cmake:15 (find_package)
[0.216s]   /opt/ros/foxy/share/ament_cmake/cmake/ament_cmakeConfig.cmake:41 (include)
[0.217s]   CMakeLists.txt:19 (find_package)
[0.217s] This warning is for project developers.  Use -Wno-dev to suppress it.
[0.217s] [0m
[0.238s] -- Using PYTHON_EXECUTABLE: /usr/bin/python3
[0.459s] -- Found builtin_interfaces: 1.0.0 (/opt/ros/foxy/share/builtin_interfaces/cmake)
[0.486s] -- Using all available rosidl_typesupport_c: rosidl_typesupport_fastrtps_c;rosidl_typesupport_introspection_c
[0.491s] -- Found rosidl_adapter: 1.3.1 (/opt/ros/foxy/share/rosidl_adapter/cmake)
[0.636s] -- Using all available rosidl_typesupport_cpp: rosidl_typesupport_fastrtps_cpp;rosidl_typesupport_introspection_cpp
[0.665s] -- Found px4_msgs: 2.0.1 (/home/gusti/PenugasanPX4/MagangBayu24-PX4Simulation/install/px4_msgs/share/px4_msgs/cmake)
[0.687s] -- Found rclcpp: 2.4.3 (/opt/ros/foxy/share/rclcpp/cmake)
[0.730s] -- Found rmw_implementation_cmake: 1.0.4 (/opt/ros/foxy/share/rmw_implementation_cmake/cmake)
[0.732s] -- Using RMW implementation 'rmw_fastrtps_cpp' as default
[0.919s] -- Found ament_lint_auto: 0.9.8 (/opt/ros/foxy/share/ament_lint_auto/cmake)
[1.001s] -- Added test 'copyright' to check source files copyright and LICENSE
[1.002s] -- Added test 'cppcheck' to perform static code analysis on C / C++ code
[1.002s] -- Configured cppcheck include dirs: 
[1.002s] -- Configured cppcheck exclude dirs and/or files: 
[1.004s] -- Added test 'cpplint' to check C / C++ code against the Google style
[1.004s] -- Configured cpplint exclude dirs and/or files: 
[1.005s] -- Added test 'lint_cmake' to check CMake code style
[1.006s] -- Added test 'uncrustify' to check C / C++ code style
[1.006s] -- Configured uncrustify additional arguments: 
[1.006s] -- Added test 'xmllint' to check XML markup files
[1.007s] -- Configuring done (0.8s)
[1.030s] -- Generating done (0.0s)
[1.033s] -- Build files have been written to: /home/gusti/PenugasanPX4/MagangBayu24-PX4Simulation/build/control_drone
[1.050s] [ 16%] [32mBuilding CXX object CMakeFiles/circle_shape.dir/src/tugas1/offboard_control.cpp.o[0m
[1.057s] [ 83%] Built target star_shape
[1.057s] [ 83%] Built target rectangle_shape
[4.926s] [100%] [32m[1mLinking CXX executable circle_shape[0m
[5.173s] [100%] Built target circle_shape
[5.176s] Invoked command in '/home/gusti/PenugasanPX4/MagangBayu24-PX4Simulation/build/control_drone' returned '0': AMENT_PREFIX_PATH=/home/gusti/PenugasanPX4/MagangBayu24-PX4Simulation/install/px4_msgs:${AMENT_PREFIX_PATH} CMAKE_PREFIX_PATH=/home/gusti/PenugasanPX4/MagangBayu24-PX4Simulation/install/px4_msgs:/home/gusti/simulasiROS2/src/install/px4_ros_com:/home/gusti/simulasiROS2/src/install/px4_msgs:/opt/ros/foxy LD_LIBRARY_PATH=/home/gusti/PenugasanPX4/MagangBayu24-PX4Simulation/install/px4_msgs/lib:${LD_LIBRARY_PATH} PYTHONPATH=/home/gusti/PenugasanPX4/MagangBayu24-PX4Simulation/install/px4_msgs/lib/python3.8/site-packages:${PYTHONPATH} /usr/local/bin/cmake --build /home/gusti/PenugasanPX4/MagangBayu24-PX4Simulation/build/control_drone -- -j8 -l8
[5.200s] Invoking command in '/home/gusti/PenugasanPX4/MagangBayu24-PX4Simulation/build/control_drone': AMENT_PREFIX_PATH=/home/gusti/PenugasanPX4/MagangBayu24-PX4Simulation/install/px4_msgs:${AMENT_PREFIX_PATH} CMAKE_PREFIX_PATH=/home/gusti/PenugasanPX4/MagangBayu24-PX4Simulation/install/px4_msgs:/home/gusti/simulasiROS2/src/install/px4_ros_com:/home/gusti/simulasiROS2/src/install/px4_msgs:/opt/ros/foxy LD_LIBRARY_PATH=/home/gusti/PenugasanPX4/MagangBayu24-PX4Simulation/install/px4_msgs/lib:${LD_LIBRARY_PATH} PYTHONPATH=/home/gusti/PenugasanPX4/MagangBayu24-PX4Simulation/install/px4_msgs/lib/python3.8/site-packages:${PYTHONPATH} /usr/local/bin/cmake --install /home/gusti/PenugasanPX4/MagangBayu24-PX4Simulation/build/control_drone
[5.202s] -- Install configuration: ""
[5.202s] -- Up-to-date: /home/gusti/PenugasanPX4/MagangBayu24-PX4Simulation/install/control_drone/lib/control_drone/rectangle_shape
[5.202s] -- Up-to-date: /home/gusti/PenugasanPX4/MagangBayu24-PX4Simulation/install/control_drone/lib/control_drone/star_shape
[5.202s] -- Installing: /home/gusti/PenugasanPX4/MagangBayu24-PX4Simulation/install/control_drone/lib/control_drone/circle_shape
[5.203s] -- Set non-toolchain portion of runtime path of "/home/gusti/PenugasanPX4/MagangBayu24-PX4Simulation/install/control_drone/lib/control_drone/circle_shape" to ""
[5.204s] -- Up-to-date: /home/gusti/PenugasanPX4/MagangBayu24-PX4Simulation/install/control_drone/share/ament_index/resource_index/package_run_dependencies/control_drone
[5.204s] -- Installing: /home/gusti/PenugasanPX4/MagangBayu24-PX4Simulation/install/control_drone/share/ament_index/resource_index/parent_prefix_path/control_drone
[5.204s] -- Up-to-date: /home/gusti/PenugasanPX4/MagangBayu24-PX4Simulation/install/control_drone/share/control_drone/environment/ament_prefix_path.sh
[5.204s] -- Installing: /home/gusti/PenugasanPX4/MagangBayu24-PX4Simulation/install/control_drone/share/control_drone/environment/ament_prefix_path.dsv
[5.204s] -- Up-to-date: /home/gusti/PenugasanPX4/MagangBayu24-PX4Simulation/install/control_drone/share/control_drone/environment/path.sh
[5.204s] -- Installing: /home/gusti/PenugasanPX4/MagangBayu24-PX4Simulation/install/control_drone/share/control_drone/environment/path.dsv
[5.204s] -- Up-to-date: /home/gusti/PenugasanPX4/MagangBayu24-PX4Simulation/install/control_drone/share/control_drone/local_setup.bash
[5.204s] -- Up-to-date: /home/gusti/PenugasanPX4/MagangBayu24-PX4Simulation/install/control_drone/share/control_drone/local_setup.sh
[5.204s] -- Up-to-date: /home/gusti/PenugasanPX4/MagangBayu24-PX4Simulation/install/control_drone/share/control_drone/local_setup.zsh
[5.204s] -- Installing: /home/gusti/PenugasanPX4/MagangBayu24-PX4Simulation/install/control_drone/share/control_drone/local_setup.dsv
[5.204s] -- Installing: /home/gusti/PenugasanPX4/MagangBayu24-PX4Simulation/install/control_drone/share/control_drone/package.dsv
[5.205s] -- Up-to-date: /home/gusti/PenugasanPX4/MagangBayu24-PX4Simulation/install/control_drone/share/ament_index/resource_index/packages/control_drone
[5.205s] -- Up-to-date: /home/gusti/PenugasanPX4/MagangBayu24-PX4Simulation/install/control_drone/share/control_drone/cmake/control_droneConfig.cmake
[5.205s] -- Up-to-date: /home/gusti/PenugasanPX4/MagangBayu24-PX4Simulation/install/control_drone/share/control_drone/cmake/control_droneConfig-version.cmake
[5.205s] -- Up-to-date: /home/gusti/PenugasanPX4/MagangBayu24-PX4Simulation/install/control_drone/share/control_drone/package.xml
[5.206s] Invoked command in '/home/gusti/PenugasanPX4/MagangBayu24-PX4Simulation/build/control_drone' returned '0': AMENT_PREFIX_PATH=/home/gusti/PenugasanPX4/MagangBayu24-PX4Simulation/install/px4_msgs:${AMENT_PREFIX_PATH} CMAKE_PREFIX_PATH=/home/gusti/PenugasanPX4/MagangBayu24-PX4Simulation/install/px4_msgs:/home/gusti/simulasiROS2/src/install/px4_ros_com:/home/gusti/simulasiROS2/src/install/px4_msgs:/opt/ros/foxy LD_LIBRARY_PATH=/home/gusti/PenugasanPX4/MagangBayu24-PX4Simulation/install/px4_msgs/lib:${LD_LIBRARY_PATH} PYTHONPATH=/home/gusti/PenugasanPX4/MagangBayu24-PX4Simulation/install/px4_msgs/lib/python3.8/site-packages:${PYTHONPATH} /usr/local/bin/cmake --install /home/gusti/PenugasanPX4/MagangBayu24-PX4Simulation/build/control_drone
