[3.761s] DEBUG:colcon:Command line arguments: ['/usr/bin/colcon', 'build', '--packages-select', 'control_drone']
[3.761s] DEBUG:colcon:Parsed command line arguments: Namespace(allow_overriding=[], ament_cmake_args=None, base_paths=['.'], build_base='build', catkin_cmake_args=None, catkin_skip_building_tests=False, cmake_args=None, cmake_clean_cache=False, cmake_clean_first=False, cmake_force_configure=False, cmake_target=None, cmake_target_skip_unavailable=False, continue_on_error=False, event_handlers=None, executor='parallel', ignore_user_meta=False, install_base='install', log_base=None, log_level=None, main=<bound method BuildVerb.main of <colcon_core.verb.build.BuildVerb object at 0x7fd7bfb91970>>, merge_install=False, metas=['./colcon.meta'], packages_above=None, packages_above_and_dependencies=None, packages_above_depth=None, packages_end=None, packages_ignore=None, packages_ignore_regex=None, packages_select=['control_drone'], packages_select_build_failed=False, packages_select_by_dep=None, packages_select_regex=None, packages_select_test_failures=False, packages_skip=None, packages_skip_build_finished=False, packages_skip_by_dep=None, packages_skip_regex=None, packages_skip_test_passed=False, packages_skip_up_to=None, packages_start=None, packages_up_to=None, packages_up_to_regex=None, parallel_workers=8, paths=None, symlink_install=False, test_result_base=None, verb_extension=<colcon_core.verb.build.BuildVerb object at 0x7fd7bfb91970>, verb_name='build', verb_parser=<colcon_defaults.argument_parser.defaults.DefaultArgumentsDecorator object at 0x7fd7bf79e2b0>)
[3.980s] Level 1:colcon.colcon_core.package_discovery:discover_packages(colcon_meta) check parameters
[3.981s] Level 1:colcon.colcon_core.package_discovery:discover_packages(recursive) check parameters
[3.981s] Level 1:colcon.colcon_core.package_discovery:discover_packages(ignore) check parameters
[3.981s] Level 1:colcon.colcon_core.package_discovery:discover_packages(path) check parameters
[3.981s] Level 1:colcon.colcon_core.package_discovery:discover_packages(colcon_meta) discover
[3.982s] Level 1:colcon.colcon_core.package_discovery:discover_packages(recursive) discover
[3.982s] INFO:colcon.colcon_core.package_discovery:Crawling recursively for packages in '/home/gusti/PenugasanPX4/MagangBayu24-PX4Simulation'
[3.982s] Level 1:colcon.colcon_core.package_identification:_identify(.) by extensions ['ignore', 'ignore_ament_install']
[3.982s] Level 1:colcon.colcon_core.package_identification:_identify(.) by extension 'ignore'
[3.983s] Level 1:colcon.colcon_core.package_identification:_identify(.) by extension 'ignore_ament_install'
[3.983s] Level 1:colcon.colcon_core.package_identification:_identify(.) by extensions ['colcon_pkg']
[3.983s] Level 1:colcon.colcon_core.package_identification:_identify(.) by extension 'colcon_pkg'
[3.983s] Level 1:colcon.colcon_core.package_identification:_identify(.) by extensions ['colcon_meta']
[3.983s] Level 1:colcon.colcon_core.package_identification:_identify(.) by extension 'colcon_meta'
[3.983s] Level 1:colcon.colcon_core.package_identification:_identify(.) by extensions ['ros']
[3.983s] Level 1:colcon.colcon_core.package_identification:_identify(.) by extension 'ros'
[4.004s] Level 1:colcon.colcon_core.package_identification:_identify(.) by extensions ['cmake', 'python']
[4.004s] Level 1:colcon.colcon_core.package_identification:_identify(.) by extension 'cmake'
[4.004s] Level 1:colcon.colcon_core.package_identification:_identify(.) by extension 'python'
[4.004s] Level 1:colcon.colcon_core.package_identification:_identify(.) by extensions ['python_setup_py']
[4.004s] Level 1:colcon.colcon_core.package_identification:_identify(.) by extension 'python_setup_py'
[4.004s] Level 1:colcon.colcon_core.package_identification:_identify(build) by extensions ['ignore', 'ignore_ament_install']
[4.004s] Level 1:colcon.colcon_core.package_identification:_identify(build) by extension 'ignore'
[4.004s] Level 1:colcon.colcon_core.package_identification:_identify(build) ignored
[4.004s] Level 1:colcon.colcon_core.package_identification:_identify(control_drone) by extensions ['ignore', 'ignore_ament_install']
[4.004s] Level 1:colcon.colcon_core.package_identification:_identify(control_drone) by extension 'ignore'
[4.004s] Level 1:colcon.colcon_core.package_identification:_identify(control_drone) by extension 'ignore_ament_install'
[4.005s] Level 1:colcon.colcon_core.package_identification:_identify(control_drone) by extensions ['colcon_pkg']
[4.005s] Level 1:colcon.colcon_core.package_identification:_identify(control_drone) by extension 'colcon_pkg'
[4.005s] Level 1:colcon.colcon_core.package_identification:_identify(control_drone) by extensions ['colcon_meta']
[4.005s] Level 1:colcon.colcon_core.package_identification:_identify(control_drone) by extension 'colcon_meta'
[4.005s] Level 1:colcon.colcon_core.package_identification:_identify(control_drone) by extensions ['ros']
[4.005s] Level 1:colcon.colcon_core.package_identification:_identify(control_drone) by extension 'ros'
[4.008s] DEBUG:colcon.colcon_core.package_identification:Package 'control_drone' with type 'ros.ament_cmake' and name 'control_drone'
[4.008s] Level 1:colcon.colcon_core.package_identification:_identify(install) by extensions ['ignore', 'ignore_ament_install']
[4.008s] Level 1:colcon.colcon_core.package_identification:_identify(install) by extension 'ignore'
[4.008s] Level 1:colcon.colcon_core.package_identification:_identify(install) ignored
[4.008s] Level 1:colcon.colcon_core.package_identification:_identify(log) by extensions ['ignore', 'ignore_ament_install']
[4.008s] Level 1:colcon.colcon_core.package_identification:_identify(log) by extension 'ignore'
[4.008s] Level 1:colcon.colcon_core.package_identification:_identify(log) ignored
[4.008s] Level 1:colcon.colcon_core.package_identification:_identify(px4_msgs) by extensions ['ignore', 'ignore_ament_install']
[4.009s] Level 1:colcon.colcon_core.package_identification:_identify(px4_msgs) by extension 'ignore'
[4.009s] Level 1:colcon.colcon_core.package_identification:_identify(px4_msgs) by extension 'ignore_ament_install'
[4.009s] Level 1:colcon.colcon_core.package_identification:_identify(px4_msgs) by extensions ['colcon_pkg']
[4.009s] Level 1:colcon.colcon_core.package_identification:_identify(px4_msgs) by extension 'colcon_pkg'
[4.009s] Level 1:colcon.colcon_core.package_identification:_identify(px4_msgs) by extensions ['colcon_meta']
[4.009s] Level 1:colcon.colcon_core.package_identification:_identify(px4_msgs) by extension 'colcon_meta'
[4.009s] Level 1:colcon.colcon_core.package_identification:_identify(px4_msgs) by extensions ['ros']
[4.009s] Level 1:colcon.colcon_core.package_identification:_identify(px4_msgs) by extension 'ros'
[4.014s] DEBUG:colcon.colcon_core.package_identification:Package 'px4_msgs' with type 'ros.ament_cmake' and name 'px4_msgs'
[4.014s] Level 1:colcon.colcon_core.package_identification:_identify(px4_ros_com) by extensions ['ignore', 'ignore_ament_install']
[4.015s] Level 1:colcon.colcon_core.package_identification:_identify(px4_ros_com) by extension 'ignore'
[4.015s] Level 1:colcon.colcon_core.package_identification:_identify(px4_ros_com) by extension 'ignore_ament_install'
[4.015s] Level 1:colcon.colcon_core.package_identification:_identify(px4_ros_com) by extensions ['colcon_pkg']
[4.016s] Level 1:colcon.colcon_core.package_identification:_identify(px4_ros_com) by extension 'colcon_pkg'
[4.016s] Level 1:colcon.colcon_core.package_identification:_identify(px4_ros_com) by extensions ['colcon_meta']
[4.016s] Level 1:colcon.colcon_core.package_identification:_identify(px4_ros_com) by extension 'colcon_meta'
[4.016s] Level 1:colcon.colcon_core.package_identification:_identify(px4_ros_com) by extensions ['ros']
[4.016s] Level 1:colcon.colcon_core.package_identification:_identify(px4_ros_com) by extension 'ros'
[4.018s] DEBUG:colcon.colcon_core.package_identification:Package 'px4_ros_com' with type 'ros.ament_cmake' and name 'px4_ros_com'
[4.018s] Level 1:colcon.colcon_core.package_discovery:discover_packages(recursive) using defaults
[4.018s] Level 1:colcon.colcon_core.package_discovery:discover_packages(ignore) discover
[4.018s] Level 1:colcon.colcon_core.package_discovery:discover_packages(ignore) using defaults
[4.018s] Level 1:colcon.colcon_core.package_discovery:discover_packages(path) discover
[4.018s] Level 1:colcon.colcon_core.package_discovery:discover_packages(path) using defaults
[4.275s] INFO:colcon.colcon_core.package_selection:Skipping not selected package 'px4_msgs' in 'px4_msgs'
[4.276s] INFO:colcon.colcon_core.package_selection:Skipping not selected package 'px4_ros_com' in 'px4_ros_com'
[4.433s] Level 1:colcon.colcon_core.package_discovery:discover_packages(prefix_path) check parameters
[4.433s] Level 1:colcon.colcon_core.package_discovery:discover_packages(prefix_path) discover
[4.585s] DEBUG:colcon.colcon_installed_package_information.package_discovery:Found 2 installed packages in /home/gusti/PenugasanPX4/MagangBayu24-PX4Simulation/install
[4.654s] DEBUG:colcon.colcon_installed_package_information.package_discovery:Found 256 installed packages in /opt/ros/foxy
[4.655s] Level 1:colcon.colcon_core.package_discovery:discover_packages(prefix_path) using defaults
[4.935s] Level 5:colcon.colcon_core.verb:set package 'control_drone' build argument 'cmake_args' from command line to 'None'
[4.935s] Level 5:colcon.colcon_core.verb:set package 'control_drone' build argument 'cmake_target' from command line to 'None'
[4.935s] Level 5:colcon.colcon_core.verb:set package 'control_drone' build argument 'cmake_target_skip_unavailable' from command line to 'False'
[4.935s] Level 5:colcon.colcon_core.verb:set package 'control_drone' build argument 'cmake_clean_cache' from command line to 'False'
[4.935s] Level 5:colcon.colcon_core.verb:set package 'control_drone' build argument 'cmake_clean_first' from command line to 'False'
[4.935s] Level 5:colcon.colcon_core.verb:set package 'control_drone' build argument 'cmake_force_configure' from command line to 'False'
[4.935s] Level 5:colcon.colcon_core.verb:set package 'control_drone' build argument 'ament_cmake_args' from command line to 'None'
[4.935s] Level 5:colcon.colcon_core.verb:set package 'control_drone' build argument 'catkin_cmake_args' from command line to 'None'
[4.935s] Level 5:colcon.colcon_core.verb:set package 'control_drone' build argument 'catkin_skip_building_tests' from command line to 'False'
[4.935s] DEBUG:colcon.colcon_core.verb:Building package 'control_drone' with the following arguments: {'ament_cmake_args': None, 'build_base': '/home/gusti/PenugasanPX4/MagangBayu24-PX4Simulation/build/control_drone', 'catkin_cmake_args': None, 'catkin_skip_building_tests': False, 'cmake_args': None, 'cmake_clean_cache': False, 'cmake_clean_first': False, 'cmake_force_configure': False, 'cmake_target': None, 'cmake_target_skip_unavailable': False, 'install_base': '/home/gusti/PenugasanPX4/MagangBayu24-PX4Simulation/install/control_drone', 'merge_install': False, 'path': '/home/gusti/PenugasanPX4/MagangBayu24-PX4Simulation/control_drone', 'symlink_install': False, 'test_result_base': None}
[5.006s] INFO:colcon.colcon_core.executor:Executing jobs using 'parallel' executor
[5.075s] DEBUG:colcon.colcon_parallel_executor.executor.parallel:run_until_complete
[5.075s] INFO:colcon.colcon_ros.task.ament_cmake.build:Building ROS package in '/home/gusti/PenugasanPX4/MagangBayu24-PX4Simulation/control_drone' with build type 'ament_cmake'
[5.075s] INFO:colcon.colcon_cmake.task.cmake.build:Building CMake package in '/home/gusti/PenugasanPX4/MagangBayu24-PX4Simulation/control_drone'
[5.151s] INFO:colcon.colcon_core.plugin_system:Skipping extension 'colcon_core.shell.bat': Not used on non-Windows systems
[5.151s] INFO:colcon.colcon_core.shell:Skip shell extension 'powershell' for command environment: Not usable outside of PowerShell
[5.151s] DEBUG:colcon.colcon_core.shell:Skip shell extension 'dsv' for command environment
[5.383s] DEBUG:colcon.colcon_core.event_handler.log_command:Invoking command in '/home/gusti/PenugasanPX4/MagangBayu24-PX4Simulation/build/control_drone': CMAKE_PREFIX_PATH=/home/gusti/PenugasanPX4/MagangBayu24-PX4Simulation/install/px4_msgs:/home/gusti/PenugasanPX4/MagangBayu24-PX4Simulation/install/control_drone:/opt/ros/foxy /usr/local/bin/cmake --build /home/gusti/PenugasanPX4/MagangBayu24-PX4Simulation/build/control_drone -- -j8 -l8
[5.417s] DEBUG:colcon.colcon_core.event_handler.log_command:Invoked command in '/home/gusti/PenugasanPX4/MagangBayu24-PX4Simulation/build/control_drone' returned '0': CMAKE_PREFIX_PATH=/home/gusti/PenugasanPX4/MagangBayu24-PX4Simulation/install/px4_msgs:/home/gusti/PenugasanPX4/MagangBayu24-PX4Simulation/install/control_drone:/opt/ros/foxy /usr/local/bin/cmake --build /home/gusti/PenugasanPX4/MagangBayu24-PX4Simulation/build/control_drone -- -j8 -l8
[5.448s] DEBUG:colcon.colcon_core.event_handler.log_command:Invoking command in '/home/gusti/PenugasanPX4/MagangBayu24-PX4Simulation/build/control_drone': CMAKE_PREFIX_PATH=/home/gusti/PenugasanPX4/MagangBayu24-PX4Simulation/install/px4_msgs:/home/gusti/PenugasanPX4/MagangBayu24-PX4Simulation/install/control_drone:/opt/ros/foxy /usr/local/bin/cmake --install /home/gusti/PenugasanPX4/MagangBayu24-PX4Simulation/build/control_drone
[5.455s] Level 1:colcon.colcon_core.environment:create_environment_scripts_only(control_drone)
[5.456s] DEBUG:colcon.colcon_core.event_handler.log_command:Invoked command in '/home/gusti/PenugasanPX4/MagangBayu24-PX4Simulation/build/control_drone' returned '0': CMAKE_PREFIX_PATH=/home/gusti/PenugasanPX4/MagangBayu24-PX4Simulation/install/px4_msgs:/home/gusti/PenugasanPX4/MagangBayu24-PX4Simulation/install/control_drone:/opt/ros/foxy /usr/local/bin/cmake --install /home/gusti/PenugasanPX4/MagangBayu24-PX4Simulation/build/control_drone
[5.536s] Level 1:colcon.colcon_core.environment:checking '/home/gusti/PenugasanPX4/MagangBayu24-PX4Simulation/install/control_drone' for CMake module files
[5.537s] Level 1:colcon.colcon_core.environment:checking '/home/gusti/PenugasanPX4/MagangBayu24-PX4Simulation/install/control_drone' for CMake config files
[5.537s] Level 1:colcon.colcon_core.shell:create_environment_hook('control_drone', 'cmake_prefix_path')
[5.618s] INFO:colcon.colcon_core.shell:Creating environment hook '/home/gusti/PenugasanPX4/MagangBayu24-PX4Simulation/install/control_drone/share/control_drone/hook/cmake_prefix_path.ps1'
[5.619s] INFO:colcon.colcon_core.shell:Creating environment descriptor '/home/gusti/PenugasanPX4/MagangBayu24-PX4Simulation/install/control_drone/share/control_drone/hook/cmake_prefix_path.dsv'
[5.620s] INFO:colcon.colcon_core.shell:Creating environment hook '/home/gusti/PenugasanPX4/MagangBayu24-PX4Simulation/install/control_drone/share/control_drone/hook/cmake_prefix_path.sh'
[5.621s] Level 1:colcon.colcon_core.environment:checking '/home/gusti/PenugasanPX4/MagangBayu24-PX4Simulation/install/control_drone/lib'
[5.621s] Level 1:colcon.colcon_core.environment:checking '/home/gusti/PenugasanPX4/MagangBayu24-PX4Simulation/install/control_drone/bin'
[5.621s] Level 1:colcon.colcon_core.environment:checking '/home/gusti/PenugasanPX4/MagangBayu24-PX4Simulation/install/control_drone/lib/pkgconfig/control_drone.pc'
[5.621s] Level 1:colcon.colcon_core.environment:checking '/home/gusti/PenugasanPX4/MagangBayu24-PX4Simulation/install/control_drone/lib/python3.8/site-packages'
[5.621s] Level 1:colcon.colcon_core.environment:checking '/home/gusti/PenugasanPX4/MagangBayu24-PX4Simulation/install/control_drone/bin'
[5.693s] INFO:colcon.colcon_core.shell:Creating package script '/home/gusti/PenugasanPX4/MagangBayu24-PX4Simulation/install/control_drone/share/control_drone/package.ps1'
[5.695s] INFO:colcon.colcon_core.shell:Creating package descriptor '/home/gusti/PenugasanPX4/MagangBayu24-PX4Simulation/install/control_drone/share/control_drone/package.dsv'
[5.696s] INFO:colcon.colcon_core.shell:Creating package script '/home/gusti/PenugasanPX4/MagangBayu24-PX4Simulation/install/control_drone/share/control_drone/package.sh'
[5.696s] INFO:colcon.colcon_core.shell:Creating package script '/home/gusti/PenugasanPX4/MagangBayu24-PX4Simulation/install/control_drone/share/control_drone/package.bash'
[5.697s] INFO:colcon.colcon_core.shell:Creating package script '/home/gusti/PenugasanPX4/MagangBayu24-PX4Simulation/install/control_drone/share/control_drone/package.zsh'
[5.699s] Level 1:colcon.colcon_core.environment:create_file_with_runtime_dependencies(/home/gusti/PenugasanPX4/MagangBayu24-PX4Simulation/install/control_drone/share/colcon-core/packages/control_drone)
[5.788s] Level 1:colcon.colcon_core.environment:create_environment_scripts_only(control_drone)
[5.855s] Level 1:colcon.colcon_core.environment:checking '/home/gusti/PenugasanPX4/MagangBayu24-PX4Simulation/install/control_drone' for CMake module files
[5.855s] Level 1:colcon.colcon_core.environment:checking '/home/gusti/PenugasanPX4/MagangBayu24-PX4Simulation/install/control_drone' for CMake config files
[5.855s] Level 1:colcon.colcon_core.shell:create_environment_hook('control_drone', 'cmake_prefix_path')
[5.923s] INFO:colcon.colcon_core.shell:Creating environment hook '/home/gusti/PenugasanPX4/MagangBayu24-PX4Simulation/install/control_drone/share/control_drone/hook/cmake_prefix_path.ps1'
[5.924s] INFO:colcon.colcon_core.shell:Creating environment descriptor '/home/gusti/PenugasanPX4/MagangBayu24-PX4Simulation/install/control_drone/share/control_drone/hook/cmake_prefix_path.dsv'
[5.924s] INFO:colcon.colcon_core.shell:Creating environment hook '/home/gusti/PenugasanPX4/MagangBayu24-PX4Simulation/install/control_drone/share/control_drone/hook/cmake_prefix_path.sh'
[5.925s] Level 1:colcon.colcon_core.environment:checking '/home/gusti/PenugasanPX4/MagangBayu24-PX4Simulation/install/control_drone/lib'
[5.925s] Level 1:colcon.colcon_core.environment:checking '/home/gusti/PenugasanPX4/MagangBayu24-PX4Simulation/install/control_drone/bin'
[5.925s] Level 1:colcon.colcon_core.environment:checking '/home/gusti/PenugasanPX4/MagangBayu24-PX4Simulation/install/control_drone/lib/pkgconfig/control_drone.pc'
[5.925s] Level 1:colcon.colcon_core.environment:checking '/home/gusti/PenugasanPX4/MagangBayu24-PX4Simulation/install/control_drone/lib/python3.8/site-packages'
[5.926s] Level 1:colcon.colcon_core.environment:checking '/home/gusti/PenugasanPX4/MagangBayu24-PX4Simulation/install/control_drone/bin'
[5.989s] INFO:colcon.colcon_core.shell:Creating package script '/home/gusti/PenugasanPX4/MagangBayu24-PX4Simulation/install/control_drone/share/control_drone/package.ps1'
[5.989s] INFO:colcon.colcon_core.shell:Creating package descriptor '/home/gusti/PenugasanPX4/MagangBayu24-PX4Simulation/install/control_drone/share/control_drone/package.dsv'
[5.990s] INFO:colcon.colcon_core.shell:Creating package script '/home/gusti/PenugasanPX4/MagangBayu24-PX4Simulation/install/control_drone/share/control_drone/package.sh'
[5.990s] INFO:colcon.colcon_core.shell:Creating package script '/home/gusti/PenugasanPX4/MagangBayu24-PX4Simulation/install/control_drone/share/control_drone/package.bash'
[5.991s] INFO:colcon.colcon_core.shell:Creating package script '/home/gusti/PenugasanPX4/MagangBayu24-PX4Simulation/install/control_drone/share/control_drone/package.zsh'
[5.992s] Level 1:colcon.colcon_core.environment:create_file_with_runtime_dependencies(/home/gusti/PenugasanPX4/MagangBayu24-PX4Simulation/install/control_drone/share/colcon-core/packages/control_drone)
[5.992s] DEBUG:colcon.colcon_parallel_executor.executor.parallel:closing loop
[5.993s] DEBUG:colcon.colcon_parallel_executor.executor.parallel:loop closed
[5.994s] DEBUG:colcon.colcon_parallel_executor.executor.parallel:run_until_complete finished with '0'
[5.994s] DEBUG:colcon.colcon_core.event_reactor:joining thread
[6.053s] INFO:colcon.colcon_core.plugin_system:Skipping extension 'colcon_notification.desktop_notification.terminal_notifier': Not used on non-Darwin systems
[6.053s] INFO:colcon.colcon_core.plugin_system:Skipping extension 'colcon_notification.desktop_notification.win32': Not used on non-Windows systems
[6.053s] INFO:colcon.colcon_notification.desktop_notification:Sending desktop notification using 'notify2'
[6.070s] DEBUG:colcon.colcon_core.event_reactor:joined thread
[6.128s] INFO:colcon.colcon_core.shell:Creating prefix script '/home/gusti/PenugasanPX4/MagangBayu24-PX4Simulation/install/local_setup.ps1'
[6.130s] INFO:colcon.colcon_core.shell:Creating prefix util module '/home/gusti/PenugasanPX4/MagangBayu24-PX4Simulation/install/_local_setup_util_ps1.py'
[6.132s] INFO:colcon.colcon_core.shell:Creating prefix chain script '/home/gusti/PenugasanPX4/MagangBayu24-PX4Simulation/install/setup.ps1'
[6.188s] INFO:colcon.colcon_core.shell:Creating prefix script '/home/gusti/PenugasanPX4/MagangBayu24-PX4Simulation/install/local_setup.sh'
[6.189s] INFO:colcon.colcon_core.shell:Creating prefix util module '/home/gusti/PenugasanPX4/MagangBayu24-PX4Simulation/install/_local_setup_util_sh.py'
[6.189s] INFO:colcon.colcon_core.shell:Creating prefix chain script '/home/gusti/PenugasanPX4/MagangBayu24-PX4Simulation/install/setup.sh'
[6.247s] INFO:colcon.colcon_core.shell:Creating prefix script '/home/gusti/PenugasanPX4/MagangBayu24-PX4Simulation/install/local_setup.bash'
[6.248s] INFO:colcon.colcon_core.shell:Creating prefix chain script '/home/gusti/PenugasanPX4/MagangBayu24-PX4Simulation/install/setup.bash'
[6.304s] INFO:colcon.colcon_core.shell:Creating prefix script '/home/gusti/PenugasanPX4/MagangBayu24-PX4Simulation/install/local_setup.zsh'
[6.304s] INFO:colcon.colcon_core.shell:Creating prefix chain script '/home/gusti/PenugasanPX4/MagangBayu24-PX4Simulation/install/setup.zsh'
