[2.979s] DEBUG:colcon:Command line arguments: ['/usr/bin/colcon', 'build', '--packages-select', 'control_drone']
[2.979s] DEBUG:colcon:Parsed command line arguments: Namespace(allow_overriding=[], ament_cmake_args=None, base_paths=['.'], build_base='build', catkin_cmake_args=None, catkin_skip_building_tests=False, cmake_args=None, cmake_clean_cache=False, cmake_clean_first=False, cmake_force_configure=False, cmake_target=None, cmake_target_skip_unavailable=False, continue_on_error=False, event_handlers=None, executor='parallel', ignore_user_meta=False, install_base='install', log_base=None, log_level=None, main=<bound method BuildVerb.main of <colcon_core.verb.build.BuildVerb object at 0x7fe7f78ee970>>, merge_install=False, metas=['./colcon.meta'], packages_above=None, packages_above_and_dependencies=None, packages_above_depth=None, packages_end=None, packages_ignore=None, packages_ignore_regex=None, packages_select=['control_drone'], packages_select_build_failed=False, packages_select_by_dep=None, packages_select_regex=None, packages_select_test_failures=False, packages_skip=None, packages_skip_build_finished=False, packages_skip_by_dep=None, packages_skip_regex=None, packages_skip_test_passed=False, packages_skip_up_to=None, packages_start=None, packages_up_to=None, packages_up_to_regex=None, parallel_workers=8, paths=None, symlink_install=False, test_result_base=None, verb_extension=<colcon_core.verb.build.BuildVerb object at 0x7fe7f78ee970>, verb_name='build', verb_parser=<colcon_defaults.argument_parser.defaults.DefaultArgumentsDecorator object at 0x7fe7f74fb2e0>)
[3.147s] Level 1:colcon.colcon_core.package_discovery:discover_packages(colcon_meta) check parameters
[3.148s] Level 1:colcon.colcon_core.package_discovery:discover_packages(recursive) check parameters
[3.148s] Level 1:colcon.colcon_core.package_discovery:discover_packages(ignore) check parameters
[3.148s] Level 1:colcon.colcon_core.package_discovery:discover_packages(path) check parameters
[3.148s] Level 1:colcon.colcon_core.package_discovery:discover_packages(colcon_meta) discover
[3.148s] Level 1:colcon.colcon_core.package_discovery:discover_packages(recursive) discover
[3.148s] INFO:colcon.colcon_core.package_discovery:Crawling recursively for packages in '/home/gusti/PenugasanPX4/MagangBayu24-PX4Simulation'
[3.148s] Level 1:colcon.colcon_core.package_identification:_identify(.) by extensions ['ignore', 'ignore_ament_install']
[3.148s] Level 1:colcon.colcon_core.package_identification:_identify(.) by extension 'ignore'
[3.148s] Level 1:colcon.colcon_core.package_identification:_identify(.) by extension 'ignore_ament_install'
[3.148s] Level 1:colcon.colcon_core.package_identification:_identify(.) by extensions ['colcon_pkg']
[3.149s] Level 1:colcon.colcon_core.package_identification:_identify(.) by extension 'colcon_pkg'
[3.149s] Level 1:colcon.colcon_core.package_identification:_identify(.) by extensions ['colcon_meta']
[3.149s] Level 1:colcon.colcon_core.package_identification:_identify(.) by extension 'colcon_meta'
[3.149s] Level 1:colcon.colcon_core.package_identification:_identify(.) by extensions ['ros']
[3.149s] Level 1:colcon.colcon_core.package_identification:_identify(.) by extension 'ros'
[3.163s] Level 1:colcon.colcon_core.package_identification:_identify(.) by extensions ['cmake', 'python']
[3.164s] Level 1:colcon.colcon_core.package_identification:_identify(.) by extension 'cmake'
[3.164s] Level 1:colcon.colcon_core.package_identification:_identify(.) by extension 'python'
[3.164s] Level 1:colcon.colcon_core.package_identification:_identify(.) by extensions ['python_setup_py']
[3.164s] Level 1:colcon.colcon_core.package_identification:_identify(.) by extension 'python_setup_py'
[3.164s] Level 1:colcon.colcon_core.package_identification:_identify(build) by extensions ['ignore', 'ignore_ament_install']
[3.164s] Level 1:colcon.colcon_core.package_identification:_identify(build) by extension 'ignore'
[3.164s] Level 1:colcon.colcon_core.package_identification:_identify(build) ignored
[3.165s] Level 1:colcon.colcon_core.package_identification:_identify(control_drone) by extensions ['ignore', 'ignore_ament_install']
[3.165s] Level 1:colcon.colcon_core.package_identification:_identify(control_drone) by extension 'ignore'
[3.165s] Level 1:colcon.colcon_core.package_identification:_identify(control_drone) by extension 'ignore_ament_install'
[3.165s] Level 1:colcon.colcon_core.package_identification:_identify(control_drone) by extensions ['colcon_pkg']
[3.165s] Level 1:colcon.colcon_core.package_identification:_identify(control_drone) by extension 'colcon_pkg'
[3.165s] Level 1:colcon.colcon_core.package_identification:_identify(control_drone) by extensions ['colcon_meta']
[3.165s] Level 1:colcon.colcon_core.package_identification:_identify(control_drone) by extension 'colcon_meta'
[3.165s] Level 1:colcon.colcon_core.package_identification:_identify(control_drone) by extensions ['ros']
[3.165s] Level 1:colcon.colcon_core.package_identification:_identify(control_drone) by extension 'ros'
[3.169s] DEBUG:colcon.colcon_core.package_identification:Package 'control_drone' with type 'ros.ament_cmake' and name 'control_drone'
[3.169s] Level 1:colcon.colcon_core.package_identification:_identify(install) by extensions ['ignore', 'ignore_ament_install']
[3.169s] Level 1:colcon.colcon_core.package_identification:_identify(install) by extension 'ignore'
[3.169s] Level 1:colcon.colcon_core.package_identification:_identify(install) ignored
[3.169s] Level 1:colcon.colcon_core.package_identification:_identify(log) by extensions ['ignore', 'ignore_ament_install']
[3.169s] Level 1:colcon.colcon_core.package_identification:_identify(log) by extension 'ignore'
[3.169s] Level 1:colcon.colcon_core.package_identification:_identify(log) ignored
[3.169s] Level 1:colcon.colcon_core.package_identification:_identify(px4_msgs) by extensions ['ignore', 'ignore_ament_install']
[3.169s] Level 1:colcon.colcon_core.package_identification:_identify(px4_msgs) by extension 'ignore'
[3.169s] Level 1:colcon.colcon_core.package_identification:_identify(px4_msgs) by extension 'ignore_ament_install'
[3.170s] Level 1:colcon.colcon_core.package_identification:_identify(px4_msgs) by extensions ['colcon_pkg']
[3.170s] Level 1:colcon.colcon_core.package_identification:_identify(px4_msgs) by extension 'colcon_pkg'
[3.170s] Level 1:colcon.colcon_core.package_identification:_identify(px4_msgs) by extensions ['colcon_meta']
[3.170s] Level 1:colcon.colcon_core.package_identification:_identify(px4_msgs) by extension 'colcon_meta'
[3.170s] Level 1:colcon.colcon_core.package_identification:_identify(px4_msgs) by extensions ['ros']
[3.170s] Level 1:colcon.colcon_core.package_identification:_identify(px4_msgs) by extension 'ros'
[3.171s] DEBUG:colcon.colcon_core.package_identification:Package 'px4_msgs' with type 'ros.ament_cmake' and name 'px4_msgs'
[3.171s] Level 1:colcon.colcon_core.package_identification:_identify(px4_ros_com) by extensions ['ignore', 'ignore_ament_install']
[3.171s] Level 1:colcon.colcon_core.package_identification:_identify(px4_ros_com) by extension 'ignore'
[3.171s] Level 1:colcon.colcon_core.package_identification:_identify(px4_ros_com) by extension 'ignore_ament_install'
[3.171s] Level 1:colcon.colcon_core.package_identification:_identify(px4_ros_com) by extensions ['colcon_pkg']
[3.171s] Level 1:colcon.colcon_core.package_identification:_identify(px4_ros_com) by extension 'colcon_pkg'
[3.171s] Level 1:colcon.colcon_core.package_identification:_identify(px4_ros_com) by extensions ['colcon_meta']
[3.171s] Level 1:colcon.colcon_core.package_identification:_identify(px4_ros_com) by extension 'colcon_meta'
[3.171s] Level 1:colcon.colcon_core.package_identification:_identify(px4_ros_com) by extensions ['ros']
[3.171s] Level 1:colcon.colcon_core.package_identification:_identify(px4_ros_com) by extension 'ros'
[3.172s] DEBUG:colcon.colcon_core.package_identification:Package 'px4_ros_com' with type 'ros.ament_cmake' and name 'px4_ros_com'
[3.172s] Level 1:colcon.colcon_core.package_discovery:discover_packages(recursive) using defaults
[3.173s] Level 1:colcon.colcon_core.package_discovery:discover_packages(ignore) discover
[3.173s] Level 1:colcon.colcon_core.package_discovery:discover_packages(ignore) using defaults
[3.173s] Level 1:colcon.colcon_core.package_discovery:discover_packages(path) discover
[3.173s] Level 1:colcon.colcon_core.package_discovery:discover_packages(path) using defaults
[3.349s] INFO:colcon.colcon_core.package_selection:Skipping not selected package 'px4_msgs' in 'px4_msgs'
[3.349s] INFO:colcon.colcon_core.package_selection:Skipping not selected package 'px4_ros_com' in 'px4_ros_com'
[3.452s] Level 1:colcon.colcon_core.package_discovery:discover_packages(prefix_path) check parameters
[3.452s] Level 1:colcon.colcon_core.package_discovery:discover_packages(prefix_path) discover
[3.557s] DEBUG:colcon.colcon_installed_package_information.package_discovery:Found 2 installed packages in /home/gusti/PenugasanPX4/MagangBayu24-PX4Simulation/install
[3.619s] DEBUG:colcon.colcon_installed_package_information.package_discovery:Found 256 installed packages in /opt/ros/foxy
[3.621s] Level 1:colcon.colcon_core.package_discovery:discover_packages(prefix_path) using defaults
[3.870s] Level 5:colcon.colcon_core.verb:set package 'control_drone' build argument 'cmake_args' from command line to 'None'
[3.870s] Level 5:colcon.colcon_core.verb:set package 'control_drone' build argument 'cmake_target' from command line to 'None'
[3.870s] Level 5:colcon.colcon_core.verb:set package 'control_drone' build argument 'cmake_target_skip_unavailable' from command line to 'False'
[3.870s] Level 5:colcon.colcon_core.verb:set package 'control_drone' build argument 'cmake_clean_cache' from command line to 'False'
[3.870s] Level 5:colcon.colcon_core.verb:set package 'control_drone' build argument 'cmake_clean_first' from command line to 'False'
[3.870s] Level 5:colcon.colcon_core.verb:set package 'control_drone' build argument 'cmake_force_configure' from command line to 'False'
[3.870s] Level 5:colcon.colcon_core.verb:set package 'control_drone' build argument 'ament_cmake_args' from command line to 'None'
[3.870s] Level 5:colcon.colcon_core.verb:set package 'control_drone' build argument 'catkin_cmake_args' from command line to 'None'
[3.870s] Level 5:colcon.colcon_core.verb:set package 'control_drone' build argument 'catkin_skip_building_tests' from command line to 'False'
[3.870s] DEBUG:colcon.colcon_core.verb:Building package 'control_drone' with the following arguments: {'ament_cmake_args': None, 'build_base': '/home/gusti/PenugasanPX4/MagangBayu24-PX4Simulation/build/control_drone', 'catkin_cmake_args': None, 'catkin_skip_building_tests': False, 'cmake_args': None, 'cmake_clean_cache': False, 'cmake_clean_first': False, 'cmake_force_configure': False, 'cmake_target': None, 'cmake_target_skip_unavailable': False, 'install_base': '/home/gusti/PenugasanPX4/MagangBayu24-PX4Simulation/install/control_drone', 'merge_install': False, 'path': '/home/gusti/PenugasanPX4/MagangBayu24-PX4Simulation/control_drone', 'symlink_install': False, 'test_result_base': None}
[3.925s] INFO:colcon.colcon_core.executor:Executing jobs using 'parallel' executor
[3.987s] DEBUG:colcon.colcon_parallel_executor.executor.parallel:run_until_complete
[3.987s] INFO:colcon.colcon_ros.task.ament_cmake.build:Building ROS package in '/home/gusti/PenugasanPX4/MagangBayu24-PX4Simulation/control_drone' with build type 'ament_cmake'
[3.988s] INFO:colcon.colcon_cmake.task.cmake.build:Building CMake package in '/home/gusti/PenugasanPX4/MagangBayu24-PX4Simulation/control_drone'
[4.082s] INFO:colcon.colcon_core.plugin_system:Skipping extension 'colcon_core.shell.bat': Not used on non-Windows systems
[4.083s] INFO:colcon.colcon_core.shell:Skip shell extension 'powershell' for command environment: Not usable outside of PowerShell
[4.083s] DEBUG:colcon.colcon_core.shell:Skip shell extension 'dsv' for command environment
[4.453s] DEBUG:colcon.colcon_core.event_handler.log_command:Invoking command in '/home/gusti/PenugasanPX4/MagangBayu24-PX4Simulation/build/control_drone': CMAKE_PREFIX_PATH=/home/gusti/PenugasanPX4/MagangBayu24-PX4Simulation/install/px4_msgs:/home/gusti/PenugasanPX4/MagangBayu24-PX4Simulation/install/control_drone:/opt/ros/foxy /usr/local/bin/cmake --build /home/gusti/PenugasanPX4/MagangBayu24-PX4Simulation/build/control_drone -- -j8 -l8
[12.138s] DEBUG:colcon.colcon_core.event_handler.log_command:Invoked command in '/home/gusti/PenugasanPX4/MagangBayu24-PX4Simulation/build/control_drone' returned '0': CMAKE_PREFIX_PATH=/home/gusti/PenugasanPX4/MagangBayu24-PX4Simulation/install/px4_msgs:/home/gusti/PenugasanPX4/MagangBayu24-PX4Simulation/install/control_drone:/opt/ros/foxy /usr/local/bin/cmake --build /home/gusti/PenugasanPX4/MagangBayu24-PX4Simulation/build/control_drone -- -j8 -l8
[12.183s] DEBUG:colcon.colcon_core.event_handler.log_command:Invoking command in '/home/gusti/PenugasanPX4/MagangBayu24-PX4Simulation/build/control_drone': CMAKE_PREFIX_PATH=/home/gusti/PenugasanPX4/MagangBayu24-PX4Simulation/install/px4_msgs:/home/gusti/PenugasanPX4/MagangBayu24-PX4Simulation/install/control_drone:/opt/ros/foxy /usr/local/bin/cmake --install /home/gusti/PenugasanPX4/MagangBayu24-PX4Simulation/build/control_drone
[12.196s] Level 1:colcon.colcon_core.environment:create_environment_scripts_only(control_drone)
[12.208s] DEBUG:colcon.colcon_core.event_handler.log_command:Invoked command in '/home/gusti/PenugasanPX4/MagangBayu24-PX4Simulation/build/control_drone' returned '0': CMAKE_PREFIX_PATH=/home/gusti/PenugasanPX4/MagangBayu24-PX4Simulation/install/px4_msgs:/home/gusti/PenugasanPX4/MagangBayu24-PX4Simulation/install/control_drone:/opt/ros/foxy /usr/local/bin/cmake --install /home/gusti/PenugasanPX4/MagangBayu24-PX4Simulation/build/control_drone
[12.351s] Level 1:colcon.colcon_core.environment:checking '/home/gusti/PenugasanPX4/MagangBayu24-PX4Simulation/install/control_drone' for CMake module files
[12.352s] Level 1:colcon.colcon_core.environment:checking '/home/gusti/PenugasanPX4/MagangBayu24-PX4Simulation/install/control_drone' for CMake config files
[12.352s] Level 1:colcon.colcon_core.shell:create_environment_hook('control_drone', 'cmake_prefix_path')
[12.494s] INFO:colcon.colcon_core.shell:Creating environment hook '/home/gusti/PenugasanPX4/MagangBayu24-PX4Simulation/install/control_drone/share/control_drone/hook/cmake_prefix_path.ps1'
[12.495s] INFO:colcon.colcon_core.shell:Creating environment descriptor '/home/gusti/PenugasanPX4/MagangBayu24-PX4Simulation/install/control_drone/share/control_drone/hook/cmake_prefix_path.dsv'
[12.496s] INFO:colcon.colcon_core.shell:Creating environment hook '/home/gusti/PenugasanPX4/MagangBayu24-PX4Simulation/install/control_drone/share/control_drone/hook/cmake_prefix_path.sh'
[12.498s] Level 1:colcon.colcon_core.environment:checking '/home/gusti/PenugasanPX4/MagangBayu24-PX4Simulation/install/control_drone/lib'
[12.499s] Level 1:colcon.colcon_core.environment:checking '/home/gusti/PenugasanPX4/MagangBayu24-PX4Simulation/install/control_drone/bin'
[12.499s] Level 1:colcon.colcon_core.environment:checking '/home/gusti/PenugasanPX4/MagangBayu24-PX4Simulation/install/control_drone/lib/pkgconfig/control_drone.pc'
[12.499s] Level 1:colcon.colcon_core.environment:checking '/home/gusti/PenugasanPX4/MagangBayu24-PX4Simulation/install/control_drone/lib/python3.8/site-packages'
[12.500s] Level 1:colcon.colcon_core.environment:checking '/home/gusti/PenugasanPX4/MagangBayu24-PX4Simulation/install/control_drone/bin'
[12.580s] INFO:colcon.colcon_core.shell:Creating package script '/home/gusti/PenugasanPX4/MagangBayu24-PX4Simulation/install/control_drone/share/control_drone/package.ps1'
[12.582s] INFO:colcon.colcon_core.shell:Creating package descriptor '/home/gusti/PenugasanPX4/MagangBayu24-PX4Simulation/install/control_drone/share/control_drone/package.dsv'
[12.584s] INFO:colcon.colcon_core.shell:Creating package script '/home/gusti/PenugasanPX4/MagangBayu24-PX4Simulation/install/control_drone/share/control_drone/package.sh'
[12.587s] INFO:colcon.colcon_core.shell:Creating package script '/home/gusti/PenugasanPX4/MagangBayu24-PX4Simulation/install/control_drone/share/control_drone/package.bash'
[12.588s] INFO:colcon.colcon_core.shell:Creating package script '/home/gusti/PenugasanPX4/MagangBayu24-PX4Simulation/install/control_drone/share/control_drone/package.zsh'
[12.589s] Level 1:colcon.colcon_core.environment:create_file_with_runtime_dependencies(/home/gusti/PenugasanPX4/MagangBayu24-PX4Simulation/install/control_drone/share/colcon-core/packages/control_drone)
[12.710s] Level 1:colcon.colcon_core.environment:create_environment_scripts_only(control_drone)
[12.800s] Level 1:colcon.colcon_core.environment:checking '/home/gusti/PenugasanPX4/MagangBayu24-PX4Simulation/install/control_drone' for CMake module files
[12.800s] Level 1:colcon.colcon_core.environment:checking '/home/gusti/PenugasanPX4/MagangBayu24-PX4Simulation/install/control_drone' for CMake config files
[12.801s] Level 1:colcon.colcon_core.shell:create_environment_hook('control_drone', 'cmake_prefix_path')
[12.896s] INFO:colcon.colcon_core.shell:Creating environment hook '/home/gusti/PenugasanPX4/MagangBayu24-PX4Simulation/install/control_drone/share/control_drone/hook/cmake_prefix_path.ps1'
[12.897s] INFO:colcon.colcon_core.shell:Creating environment descriptor '/home/gusti/PenugasanPX4/MagangBayu24-PX4Simulation/install/control_drone/share/control_drone/hook/cmake_prefix_path.dsv'
[12.897s] INFO:colcon.colcon_core.shell:Creating environment hook '/home/gusti/PenugasanPX4/MagangBayu24-PX4Simulation/install/control_drone/share/control_drone/hook/cmake_prefix_path.sh'
[12.899s] Level 1:colcon.colcon_core.environment:checking '/home/gusti/PenugasanPX4/MagangBayu24-PX4Simulation/install/control_drone/lib'
[12.899s] Level 1:colcon.colcon_core.environment:checking '/home/gusti/PenugasanPX4/MagangBayu24-PX4Simulation/install/control_drone/bin'
[12.899s] Level 1:colcon.colcon_core.environment:checking '/home/gusti/PenugasanPX4/MagangBayu24-PX4Simulation/install/control_drone/lib/pkgconfig/control_drone.pc'
[12.900s] Level 1:colcon.colcon_core.environment:checking '/home/gusti/PenugasanPX4/MagangBayu24-PX4Simulation/install/control_drone/lib/python3.8/site-packages'
[12.900s] Level 1:colcon.colcon_core.environment:checking '/home/gusti/PenugasanPX4/MagangBayu24-PX4Simulation/install/control_drone/bin'
[12.989s] INFO:colcon.colcon_core.shell:Creating package script '/home/gusti/PenugasanPX4/MagangBayu24-PX4Simulation/install/control_drone/share/control_drone/package.ps1'
[12.990s] INFO:colcon.colcon_core.shell:Creating package descriptor '/home/gusti/PenugasanPX4/MagangBayu24-PX4Simulation/install/control_drone/share/control_drone/package.dsv'
[12.990s] INFO:colcon.colcon_core.shell:Creating package script '/home/gusti/PenugasanPX4/MagangBayu24-PX4Simulation/install/control_drone/share/control_drone/package.sh'
[12.991s] INFO:colcon.colcon_core.shell:Creating package script '/home/gusti/PenugasanPX4/MagangBayu24-PX4Simulation/install/control_drone/share/control_drone/package.bash'
[12.992s] INFO:colcon.colcon_core.shell:Creating package script '/home/gusti/PenugasanPX4/MagangBayu24-PX4Simulation/install/control_drone/share/control_drone/package.zsh'
[12.992s] Level 1:colcon.colcon_core.environment:create_file_with_runtime_dependencies(/home/gusti/PenugasanPX4/MagangBayu24-PX4Simulation/install/control_drone/share/colcon-core/packages/control_drone)
[12.992s] DEBUG:colcon.colcon_parallel_executor.executor.parallel:closing loop
[12.993s] DEBUG:colcon.colcon_parallel_executor.executor.parallel:loop closed
[12.993s] DEBUG:colcon.colcon_parallel_executor.executor.parallel:run_until_complete finished with '0'
[12.993s] DEBUG:colcon.colcon_core.event_reactor:joining thread
[13.105s] INFO:colcon.colcon_core.plugin_system:Skipping extension 'colcon_notification.desktop_notification.terminal_notifier': Not used on non-Darwin systems
[13.105s] INFO:colcon.colcon_core.plugin_system:Skipping extension 'colcon_notification.desktop_notification.win32': Not used on non-Windows systems
[13.105s] INFO:colcon.colcon_notification.desktop_notification:Sending desktop notification using 'notify2'
[13.137s] DEBUG:colcon.colcon_core.event_reactor:joined thread
[13.236s] INFO:colcon.colcon_core.shell:Creating prefix script '/home/gusti/PenugasanPX4/MagangBayu24-PX4Simulation/install/local_setup.ps1'
[13.239s] INFO:colcon.colcon_core.shell:Creating prefix util module '/home/gusti/PenugasanPX4/MagangBayu24-PX4Simulation/install/_local_setup_util_ps1.py'
[13.243s] INFO:colcon.colcon_core.shell:Creating prefix chain script '/home/gusti/PenugasanPX4/MagangBayu24-PX4Simulation/install/setup.ps1'
[13.336s] INFO:colcon.colcon_core.shell:Creating prefix script '/home/gusti/PenugasanPX4/MagangBayu24-PX4Simulation/install/local_setup.sh'
[13.338s] INFO:colcon.colcon_core.shell:Creating prefix util module '/home/gusti/PenugasanPX4/MagangBayu24-PX4Simulation/install/_local_setup_util_sh.py'
[13.339s] INFO:colcon.colcon_core.shell:Creating prefix chain script '/home/gusti/PenugasanPX4/MagangBayu24-PX4Simulation/install/setup.sh'
[13.434s] INFO:colcon.colcon_core.shell:Creating prefix script '/home/gusti/PenugasanPX4/MagangBayu24-PX4Simulation/install/local_setup.bash'
[13.435s] INFO:colcon.colcon_core.shell:Creating prefix chain script '/home/gusti/PenugasanPX4/MagangBayu24-PX4Simulation/install/setup.bash'
[13.521s] INFO:colcon.colcon_core.shell:Creating prefix script '/home/gusti/PenugasanPX4/MagangBayu24-PX4Simulation/install/local_setup.zsh'
[13.522s] INFO:colcon.colcon_core.shell:Creating prefix chain script '/home/gusti/PenugasanPX4/MagangBayu24-PX4Simulation/install/setup.zsh'
