[2.160s] DEBUG:colcon:Command line arguments: ['/usr/bin/colcon', 'build', '--packages-select', 'control_drone']
[2.160s] DEBUG:colcon:Parsed command line arguments: Namespace(allow_overriding=[], ament_cmake_args=None, base_paths=['.'], build_base='build', catkin_cmake_args=None, catkin_skip_building_tests=False, cmake_args=None, cmake_clean_cache=False, cmake_clean_first=False, cmake_force_configure=False, cmake_target=None, cmake_target_skip_unavailable=False, continue_on_error=False, event_handlers=None, executor='parallel', ignore_user_meta=False, install_base='install', log_base=None, log_level=None, main=<bound method BuildVerb.main of <colcon_core.verb.build.BuildVerb object at 0x7fc519685970>>, merge_install=False, metas=['./colcon.meta'], packages_above=None, packages_above_and_dependencies=None, packages_above_depth=None, packages_end=None, packages_ignore=None, packages_ignore_regex=None, packages_select=['control_drone'], packages_select_build_failed=False, packages_select_by_dep=None, packages_select_regex=None, packages_select_test_failures=False, packages_skip=None, packages_skip_build_finished=False, packages_skip_by_dep=None, packages_skip_regex=None, packages_skip_test_passed=False, packages_skip_up_to=None, packages_start=None, packages_up_to=None, packages_up_to_regex=None, parallel_workers=8, paths=None, symlink_install=False, test_result_base=None, verb_extension=<colcon_core.verb.build.BuildVerb object at 0x7fc519685970>, verb_name='build', verb_parser=<colcon_defaults.argument_parser.defaults.DefaultArgumentsDecorator object at 0x7fc5192eedf0>)
[2.261s] Level 1:colcon.colcon_core.package_discovery:discover_packages(colcon_meta) check parameters
[2.261s] Level 1:colcon.colcon_core.package_discovery:discover_packages(recursive) check parameters
[2.261s] Level 1:colcon.colcon_core.package_discovery:discover_packages(ignore) check parameters
[2.262s] Level 1:colcon.colcon_core.package_discovery:discover_packages(path) check parameters
[2.262s] Level 1:colcon.colcon_core.package_discovery:discover_packages(colcon_meta) discover
[2.262s] Level 1:colcon.colcon_core.package_discovery:discover_packages(recursive) discover
[2.262s] INFO:colcon.colcon_core.package_discovery:Crawling recursively for packages in '/home/gusti/PenugasanPX4/MagangBayu24-PX4Simulation'
[2.262s] Level 1:colcon.colcon_core.package_identification:_identify(.) by extensions ['ignore', 'ignore_ament_install']
[2.262s] Level 1:colcon.colcon_core.package_identification:_identify(.) by extension 'ignore'
[2.262s] Level 1:colcon.colcon_core.package_identification:_identify(.) by extension 'ignore_ament_install'
[2.262s] Level 1:colcon.colcon_core.package_identification:_identify(.) by extensions ['colcon_pkg']
[2.262s] Level 1:colcon.colcon_core.package_identification:_identify(.) by extension 'colcon_pkg'
[2.262s] Level 1:colcon.colcon_core.package_identification:_identify(.) by extensions ['colcon_meta']
[2.262s] Level 1:colcon.colcon_core.package_identification:_identify(.) by extension 'colcon_meta'
[2.262s] Level 1:colcon.colcon_core.package_identification:_identify(.) by extensions ['ros']
[2.262s] Level 1:colcon.colcon_core.package_identification:_identify(.) by extension 'ros'
[2.272s] Level 1:colcon.colcon_core.package_identification:_identify(.) by extensions ['cmake', 'python']
[2.273s] Level 1:colcon.colcon_core.package_identification:_identify(.) by extension 'cmake'
[2.273s] Level 1:colcon.colcon_core.package_identification:_identify(.) by extension 'python'
[2.273s] Level 1:colcon.colcon_core.package_identification:_identify(.) by extensions ['python_setup_py']
[2.273s] Level 1:colcon.colcon_core.package_identification:_identify(.) by extension 'python_setup_py'
[2.273s] Level 1:colcon.colcon_core.package_identification:_identify(build) by extensions ['ignore', 'ignore_ament_install']
[2.273s] Level 1:colcon.colcon_core.package_identification:_identify(build) by extension 'ignore'
[2.273s] Level 1:colcon.colcon_core.package_identification:_identify(build) ignored
[2.273s] Level 1:colcon.colcon_core.package_identification:_identify(control_drone) by extensions ['ignore', 'ignore_ament_install']
[2.273s] Level 1:colcon.colcon_core.package_identification:_identify(control_drone) by extension 'ignore'
[2.273s] Level 1:colcon.colcon_core.package_identification:_identify(control_drone) by extension 'ignore_ament_install'
[2.273s] Level 1:colcon.colcon_core.package_identification:_identify(control_drone) by extensions ['colcon_pkg']
[2.273s] Level 1:colcon.colcon_core.package_identification:_identify(control_drone) by extension 'colcon_pkg'
[2.273s] Level 1:colcon.colcon_core.package_identification:_identify(control_drone) by extensions ['colcon_meta']
[2.273s] Level 1:colcon.colcon_core.package_identification:_identify(control_drone) by extension 'colcon_meta'
[2.273s] Level 1:colcon.colcon_core.package_identification:_identify(control_drone) by extensions ['ros']
[2.273s] Level 1:colcon.colcon_core.package_identification:_identify(control_drone) by extension 'ros'
[2.276s] DEBUG:colcon.colcon_core.package_identification:Package 'control_drone' with type 'ros.ament_cmake' and name 'control_drone'
[2.276s] Level 1:colcon.colcon_core.package_identification:_identify(install) by extensions ['ignore', 'ignore_ament_install']
[2.276s] Level 1:colcon.colcon_core.package_identification:_identify(install) by extension 'ignore'
[2.276s] Level 1:colcon.colcon_core.package_identification:_identify(install) ignored
[2.276s] Level 1:colcon.colcon_core.package_identification:_identify(log) by extensions ['ignore', 'ignore_ament_install']
[2.276s] Level 1:colcon.colcon_core.package_identification:_identify(log) by extension 'ignore'
[2.276s] Level 1:colcon.colcon_core.package_identification:_identify(log) ignored
[2.276s] Level 1:colcon.colcon_core.package_identification:_identify(px4_msgs) by extensions ['ignore', 'ignore_ament_install']
[2.276s] Level 1:colcon.colcon_core.package_identification:_identify(px4_msgs) by extension 'ignore'
[2.276s] Level 1:colcon.colcon_core.package_identification:_identify(px4_msgs) by extension 'ignore_ament_install'
[2.277s] Level 1:colcon.colcon_core.package_identification:_identify(px4_msgs) by extensions ['colcon_pkg']
[2.277s] Level 1:colcon.colcon_core.package_identification:_identify(px4_msgs) by extension 'colcon_pkg'
[2.277s] Level 1:colcon.colcon_core.package_identification:_identify(px4_msgs) by extensions ['colcon_meta']
[2.277s] Level 1:colcon.colcon_core.package_identification:_identify(px4_msgs) by extension 'colcon_meta'
[2.277s] Level 1:colcon.colcon_core.package_identification:_identify(px4_msgs) by extensions ['ros']
[2.277s] Level 1:colcon.colcon_core.package_identification:_identify(px4_msgs) by extension 'ros'
[2.277s] DEBUG:colcon.colcon_core.package_identification:Package 'px4_msgs' with type 'ros.ament_cmake' and name 'px4_msgs'
[2.277s] Level 1:colcon.colcon_core.package_identification:_identify(px4_ros_com) by extensions ['ignore', 'ignore_ament_install']
[2.277s] Level 1:colcon.colcon_core.package_identification:_identify(px4_ros_com) by extension 'ignore'
[2.278s] Level 1:colcon.colcon_core.package_identification:_identify(px4_ros_com) by extension 'ignore_ament_install'
[2.278s] Level 1:colcon.colcon_core.package_identification:_identify(px4_ros_com) by extensions ['colcon_pkg']
[2.278s] Level 1:colcon.colcon_core.package_identification:_identify(px4_ros_com) by extension 'colcon_pkg'
[2.278s] Level 1:colcon.colcon_core.package_identification:_identify(px4_ros_com) by extensions ['colcon_meta']
[2.278s] Level 1:colcon.colcon_core.package_identification:_identify(px4_ros_com) by extension 'colcon_meta'
[2.278s] Level 1:colcon.colcon_core.package_identification:_identify(px4_ros_com) by extensions ['ros']
[2.278s] Level 1:colcon.colcon_core.package_identification:_identify(px4_ros_com) by extension 'ros'
[2.279s] DEBUG:colcon.colcon_core.package_identification:Package 'px4_ros_com' with type 'ros.ament_cmake' and name 'px4_ros_com'
[2.279s] Level 1:colcon.colcon_core.package_discovery:discover_packages(recursive) using defaults
[2.279s] Level 1:colcon.colcon_core.package_discovery:discover_packages(ignore) discover
[2.279s] Level 1:colcon.colcon_core.package_discovery:discover_packages(ignore) using defaults
[2.279s] Level 1:colcon.colcon_core.package_discovery:discover_packages(path) discover
[2.279s] Level 1:colcon.colcon_core.package_discovery:discover_packages(path) using defaults
[2.403s] INFO:colcon.colcon_core.package_selection:Skipping not selected package 'px4_msgs' in 'px4_msgs'
[2.403s] INFO:colcon.colcon_core.package_selection:Skipping not selected package 'px4_ros_com' in 'px4_ros_com'
[2.474s] Level 1:colcon.colcon_core.package_discovery:discover_packages(prefix_path) check parameters
[2.475s] Level 1:colcon.colcon_core.package_discovery:discover_packages(prefix_path) discover
[2.547s] DEBUG:colcon.colcon_installed_package_information.package_discovery:Found 256 installed packages in /opt/ros/foxy
[2.548s] Level 1:colcon.colcon_core.package_discovery:discover_packages(prefix_path) using defaults
[2.701s] Level 5:colcon.colcon_core.verb:set package 'control_drone' build argument 'cmake_args' from command line to 'None'
[2.701s] Level 5:colcon.colcon_core.verb:set package 'control_drone' build argument 'cmake_target' from command line to 'None'
[2.701s] Level 5:colcon.colcon_core.verb:set package 'control_drone' build argument 'cmake_target_skip_unavailable' from command line to 'False'
[2.701s] Level 5:colcon.colcon_core.verb:set package 'control_drone' build argument 'cmake_clean_cache' from command line to 'False'
[2.701s] Level 5:colcon.colcon_core.verb:set package 'control_drone' build argument 'cmake_clean_first' from command line to 'False'
[2.701s] Level 5:colcon.colcon_core.verb:set package 'control_drone' build argument 'cmake_force_configure' from command line to 'False'
[2.701s] Level 5:colcon.colcon_core.verb:set package 'control_drone' build argument 'ament_cmake_args' from command line to 'None'
[2.701s] Level 5:colcon.colcon_core.verb:set package 'control_drone' build argument 'catkin_cmake_args' from command line to 'None'
[2.701s] Level 5:colcon.colcon_core.verb:set package 'control_drone' build argument 'catkin_skip_building_tests' from command line to 'False'
[2.701s] DEBUG:colcon.colcon_core.verb:Building package 'control_drone' with the following arguments: {'ament_cmake_args': None, 'build_base': '/home/gusti/PenugasanPX4/MagangBayu24-PX4Simulation/build/control_drone', 'catkin_cmake_args': None, 'catkin_skip_building_tests': False, 'cmake_args': None, 'cmake_clean_cache': False, 'cmake_clean_first': False, 'cmake_force_configure': False, 'cmake_target': None, 'cmake_target_skip_unavailable': False, 'install_base': '/home/gusti/PenugasanPX4/MagangBayu24-PX4Simulation/install/control_drone', 'merge_install': False, 'path': '/home/gusti/PenugasanPX4/MagangBayu24-PX4Simulation/control_drone', 'symlink_install': False, 'test_result_base': None}
[2.738s] INFO:colcon.colcon_core.executor:Executing jobs using 'parallel' executor
[2.775s] DEBUG:colcon.colcon_parallel_executor.executor.parallel:run_until_complete
[2.776s] INFO:colcon.colcon_ros.task.ament_cmake.build:Building ROS package in '/home/gusti/PenugasanPX4/MagangBayu24-PX4Simulation/control_drone' with build type 'ament_cmake'
[2.776s] INFO:colcon.colcon_cmake.task.cmake.build:Building CMake package in '/home/gusti/PenugasanPX4/MagangBayu24-PX4Simulation/control_drone'
[2.816s] INFO:colcon.colcon_core.plugin_system:Skipping extension 'colcon_core.shell.bat': Not used on non-Windows systems
[2.816s] INFO:colcon.colcon_core.shell:Skip shell extension 'powershell' for command environment: Not usable outside of PowerShell
[2.816s] DEBUG:colcon.colcon_core.shell:Skip shell extension 'dsv' for command environment
[2.899s] DEBUG:colcon.colcon_core.event_handler.log_command:Invoking command in '/home/gusti/PenugasanPX4/MagangBayu24-PX4Simulation/build/control_drone': AMENT_PREFIX_PATH=/home/gusti/PenugasanPX4/MagangBayu24-PX4Simulation/install/px4_msgs:${AMENT_PREFIX_PATH} CMAKE_PREFIX_PATH=/home/gusti/PenugasanPX4/MagangBayu24-PX4Simulation/install/px4_msgs:/opt/ros/foxy LD_LIBRARY_PATH=/home/gusti/PenugasanPX4/MagangBayu24-PX4Simulation/install/px4_msgs/lib:${LD_LIBRARY_PATH} PYTHONPATH=/home/gusti/PenugasanPX4/MagangBayu24-PX4Simulation/install/px4_msgs/lib/python3.8/site-packages:${PYTHONPATH} /usr/local/bin/cmake /home/gusti/PenugasanPX4/MagangBayu24-PX4Simulation/control_drone -DCMAKE_INSTALL_PREFIX=/home/gusti/PenugasanPX4/MagangBayu24-PX4Simulation/install/control_drone
[3.986s] DEBUG:colcon.colcon_core.event_handler.log_command:Invoked command in '/home/gusti/PenugasanPX4/MagangBayu24-PX4Simulation/build/control_drone' returned '1': AMENT_PREFIX_PATH=/home/gusti/PenugasanPX4/MagangBayu24-PX4Simulation/install/px4_msgs:${AMENT_PREFIX_PATH} CMAKE_PREFIX_PATH=/home/gusti/PenugasanPX4/MagangBayu24-PX4Simulation/install/px4_msgs:/opt/ros/foxy LD_LIBRARY_PATH=/home/gusti/PenugasanPX4/MagangBayu24-PX4Simulation/install/px4_msgs/lib:${LD_LIBRARY_PATH} PYTHONPATH=/home/gusti/PenugasanPX4/MagangBayu24-PX4Simulation/install/px4_msgs/lib/python3.8/site-packages:${PYTHONPATH} /usr/local/bin/cmake /home/gusti/PenugasanPX4/MagangBayu24-PX4Simulation/control_drone -DCMAKE_INSTALL_PREFIX=/home/gusti/PenugasanPX4/MagangBayu24-PX4Simulation/install/control_drone
[3.992s] Level 1:colcon.colcon_core.environment:create_environment_scripts_only(control_drone)
[4.039s] Level 1:colcon.colcon_core.environment:checking '/home/gusti/PenugasanPX4/MagangBayu24-PX4Simulation/install/control_drone' for CMake module files
[4.039s] Level 1:colcon.colcon_core.environment:checking '/home/gusti/PenugasanPX4/MagangBayu24-PX4Simulation/install/control_drone' for CMake config files
[4.040s] Level 1:colcon.colcon_core.environment:checking '/home/gusti/PenugasanPX4/MagangBayu24-PX4Simulation/install/control_drone/bin'
[4.040s] Level 1:colcon.colcon_core.environment:checking '/home/gusti/PenugasanPX4/MagangBayu24-PX4Simulation/install/control_drone/lib/pkgconfig/control_drone.pc'
[4.040s] Level 1:colcon.colcon_core.environment:checking '/home/gusti/PenugasanPX4/MagangBayu24-PX4Simulation/install/control_drone/lib/python3.8/site-packages'
[4.040s] Level 1:colcon.colcon_core.environment:checking '/home/gusti/PenugasanPX4/MagangBayu24-PX4Simulation/install/control_drone/bin'
[4.085s] INFO:colcon.colcon_core.shell:Creating package script '/home/gusti/PenugasanPX4/MagangBayu24-PX4Simulation/install/control_drone/share/control_drone/package.ps1'
[4.085s] INFO:colcon.colcon_core.shell:Creating package descriptor '/home/gusti/PenugasanPX4/MagangBayu24-PX4Simulation/install/control_drone/share/control_drone/package.dsv'
[4.086s] INFO:colcon.colcon_core.shell:Creating package script '/home/gusti/PenugasanPX4/MagangBayu24-PX4Simulation/install/control_drone/share/control_drone/package.sh'
[4.086s] INFO:colcon.colcon_core.shell:Creating package script '/home/gusti/PenugasanPX4/MagangBayu24-PX4Simulation/install/control_drone/share/control_drone/package.bash'
[4.087s] INFO:colcon.colcon_core.shell:Creating package script '/home/gusti/PenugasanPX4/MagangBayu24-PX4Simulation/install/control_drone/share/control_drone/package.zsh'
[4.088s] Level 1:colcon.colcon_core.environment:create_file_with_runtime_dependencies(/home/gusti/PenugasanPX4/MagangBayu24-PX4Simulation/install/control_drone/share/colcon-core/packages/control_drone)
[4.098s] DEBUG:colcon.colcon_parallel_executor.executor.parallel:closing loop
[4.099s] DEBUG:colcon.colcon_parallel_executor.executor.parallel:loop closed
[4.099s] DEBUG:colcon.colcon_parallel_executor.executor.parallel:run_until_complete finished with '1'
[4.099s] DEBUG:colcon.colcon_core.event_reactor:joining thread
[4.148s] INFO:colcon.colcon_core.plugin_system:Skipping extension 'colcon_notification.desktop_notification.terminal_notifier': Not used on non-Darwin systems
[4.148s] INFO:colcon.colcon_core.plugin_system:Skipping extension 'colcon_notification.desktop_notification.win32': Not used on non-Windows systems
[4.148s] INFO:colcon.colcon_notification.desktop_notification:Sending desktop notification using 'notify2'
[4.162s] DEBUG:colcon.colcon_core.event_reactor:joined thread
[4.206s] INFO:colcon.colcon_core.shell:Creating prefix script '/home/gusti/PenugasanPX4/MagangBayu24-PX4Simulation/install/local_setup.ps1'
[4.207s] INFO:colcon.colcon_core.shell:Creating prefix util module '/home/gusti/PenugasanPX4/MagangBayu24-PX4Simulation/install/_local_setup_util_ps1.py'
[4.208s] INFO:colcon.colcon_core.shell:Creating prefix chain script '/home/gusti/PenugasanPX4/MagangBayu24-PX4Simulation/install/setup.ps1'
[4.253s] INFO:colcon.colcon_core.shell:Creating prefix script '/home/gusti/PenugasanPX4/MagangBayu24-PX4Simulation/install/local_setup.sh'
[4.253s] INFO:colcon.colcon_core.shell:Creating prefix util module '/home/gusti/PenugasanPX4/MagangBayu24-PX4Simulation/install/_local_setup_util_sh.py'
[4.254s] INFO:colcon.colcon_core.shell:Creating prefix chain script '/home/gusti/PenugasanPX4/MagangBayu24-PX4Simulation/install/setup.sh'
[4.293s] INFO:colcon.colcon_core.shell:Creating prefix script '/home/gusti/PenugasanPX4/MagangBayu24-PX4Simulation/install/local_setup.bash'
[4.294s] INFO:colcon.colcon_core.shell:Creating prefix chain script '/home/gusti/PenugasanPX4/MagangBayu24-PX4Simulation/install/setup.bash'
[4.333s] INFO:colcon.colcon_core.shell:Creating prefix script '/home/gusti/PenugasanPX4/MagangBayu24-PX4Simulation/install/local_setup.zsh'
[4.333s] INFO:colcon.colcon_core.shell:Creating prefix chain script '/home/gusti/PenugasanPX4/MagangBayu24-PX4Simulation/install/setup.zsh'
