[0.123s] Invoking command in '/home/gusti/PenugasanPX4/MagangBayu24-PX4Simulation/build/control_drone': AMENT_PREFIX_PATH=/home/gusti/PenugasanPX4/MagangBayu24-PX4Simulation/install/px4_msgs:${AMENT_PREFIX_PATH} CMAKE_PREFIX_PATH=/home/gusti/PenugasanPX4/MagangBayu24-PX4Simulation/install/px4_msgs:/opt/ros/foxy LD_LIBRARY_PATH=/home/gusti/PenugasanPX4/MagangBayu24-PX4Simulation/install/px4_msgs/lib:${LD_LIBRARY_PATH} PYTHONPATH=/home/gusti/PenugasanPX4/MagangBayu24-PX4Simulation/install/px4_msgs/lib/python3.8/site-packages:${PYTHONPATH} /usr/local/bin/cmake /home/gusti/PenugasanPX4/MagangBayu24-PX4Simulation/control_drone -DCMAKE_INSTALL_PREFIX=/home/gusti/PenugasanPX4/MagangBayu24-PX4Simulation/install/control_drone
[0.165s] -- The C compiler identification is GNU 9.4.0
[0.216s] -- The CXX compiler identification is GNU 9.4.0
[0.230s] -- Detecting C compiler ABI info
[0.281s] -- Detecting C compiler ABI info - done
[0.293s] -- Check for working C compiler: /usr/bin/cc - skipped
[0.293s] -- Detecting C compile features
[0.294s] -- Detecting C compile features - done
[0.304s] -- Detecting CXX compiler ABI info
[0.366s] -- Detecting CXX compiler ABI info - done
[0.377s] -- Check for working CXX compiler: /usr/bin/c++ - skipped
[0.378s] -- Detecting CXX compile features
[0.378s] -- Detecting CXX compile features - done
[0.380s] -- Found ament_cmake: 0.9.12 (/opt/ros/foxy/share/ament_cmake/cmake)
[0.383s] [33mCMake Warning (dev) at /opt/ros/foxy/share/ament_cmake_core/cmake/core/python.cmake:22 (find_package):
[0.384s]   Policy CMP0148 is not set: The FindPythonInterp and FindPythonLibs modules
[0.384s]   are removed.  Run "cmake --help-policy CMP0148" for policy details.  Use
[0.384s]   the cmake_policy command to set the policy and suppress this warning.
[0.384s] 
[0.384s] Call Stack (most recent call first):
[0.384s]   /opt/ros/foxy/share/ament_cmake_core/cmake/core/all.cmake:53 (include)
[0.384s]   /opt/ros/foxy/share/ament_cmake_core/cmake/ament_cmake_core-extras.cmake:17 (include)
[0.384s]   /opt/ros/foxy/share/ament_cmake_core/cmake/ament_cmake_coreConfig.cmake:41 (include)
[0.384s]   /opt/ros/foxy/share/ament_cmake/cmake/ament_cmake_export_dependencies-extras.cmake:15 (find_package)
[0.384s]   /opt/ros/foxy/share/ament_cmake/cmake/ament_cmakeConfig.cmake:41 (include)
[0.384s]   CMakeLists.txt:19 (find_package)
[0.384s] This warning is for project developers.  Use -Wno-dev to suppress it.
[0.384s] [0m
[0.403s] -- Found PythonInterp: /usr/bin/python3 (found suitable version "3.8.10", minimum required is "3") 
[0.403s] -- Using PYTHON_EXECUTABLE: /usr/bin/python3
[0.593s] -- Found builtin_interfaces: 1.0.0 (/opt/ros/foxy/share/builtin_interfaces/cmake)
[0.617s] -- Using all available rosidl_typesupport_c: rosidl_typesupport_fastrtps_c;rosidl_typesupport_introspection_c
[0.623s] -- Found rosidl_adapter: 1.3.1 (/opt/ros/foxy/share/rosidl_adapter/cmake)
[0.684s] -- Found OpenSSL: /usr/lib/x86_64-linux-gnu/libcrypto.so (found version "1.1.1f")  
[0.715s] -- Found FastRTPS: /opt/ros/foxy/include  
[0.791s] -- Using all available rosidl_typesupport_cpp: rosidl_typesupport_fastrtps_cpp;rosidl_typesupport_introspection_cpp
[0.815s] -- Found px4_msgs: 2.0.1 (/home/gusti/PenugasanPX4/MagangBayu24-PX4Simulation/install/px4_msgs/share/px4_msgs/cmake)
[0.831s] -- Found rclcpp: 2.4.3 (/opt/ros/foxy/share/rclcpp/cmake)
[0.870s] -- Found rmw_implementation_cmake: 1.0.4 (/opt/ros/foxy/share/rmw_implementation_cmake/cmake)
[0.871s] -- Using RMW implementation 'rmw_fastrtps_cpp' as default
[0.873s] -- Performing Test CMAKE_HAVE_LIBC_PTHREAD
[0.921s] -- Performing Test CMAKE_HAVE_LIBC_PTHREAD - Failed
[0.921s] -- Looking for pthread_create in pthreads
[0.960s] -- Looking for pthread_create in pthreads - not found
[0.960s] -- Looking for pthread_create in pthread
[1.007s] -- Looking for pthread_create in pthread - found
[1.008s] -- Found Threads: TRUE  
[1.153s] -- Found ament_lint_auto: 0.9.8 (/opt/ros/foxy/share/ament_lint_auto/cmake)
[1.201s] [31mCMake Error at /opt/ros/foxy/share/ament_cmake_core/cmake/core/ament_package_xml.cmake:53 (message):
[1.201s]   ament_package_xml() package name 'control_drone' in '/package.xml' does not
[1.201s]   match current PROJECT_NAME 'px4_ros_com'.  You must call project() with the
[1.201s]   same package name before.
[1.201s] Call Stack (most recent call first):
[1.201s]   /opt/ros/foxy/share/ament_lint_auto/cmake/ament_lint_auto_find_test_dependencies.cmake:31 (ament_package_xml)
[1.201s]   CMakeLists.txt:36 (ament_lint_auto_find_test_dependencies)
[1.201s] 
[1.201s] [0m
[1.202s] -- Configuring incomplete, errors occurred!
[1.209s] Invoked command in '/home/gusti/PenugasanPX4/MagangBayu24-PX4Simulation/build/control_drone' returned '1': AMENT_PREFIX_PATH=/home/gusti/PenugasanPX4/MagangBayu24-PX4Simulation/install/px4_msgs:${AMENT_PREFIX_PATH} CMAKE_PREFIX_PATH=/home/gusti/PenugasanPX4/MagangBayu24-PX4Simulation/install/px4_msgs:/opt/ros/foxy LD_LIBRARY_PATH=/home/gusti/PenugasanPX4/MagangBayu24-PX4Simulation/install/px4_msgs/lib:${LD_LIBRARY_PATH} PYTHONPATH=/home/gusti/PenugasanPX4/MagangBayu24-PX4Simulation/install/px4_msgs/lib/python3.8/site-packages:${PYTHONPATH} /usr/local/bin/cmake /home/gusti/PenugasanPX4/MagangBayu24-PX4Simulation/control_drone -DCMAKE_INSTALL_PREFIX=/home/gusti/PenugasanPX4/MagangBayu24-PX4Simulation/install/control_drone
